#
# There is insufficient memory for the Java Runtime Environment to continue.
# Native memory allocation (malloc) failed to allocate 8782608 bytes. Error detail: Chunk::new
# Possible reasons:
#   The system is out of physical RAM or swap space
#   This process is running with CompressedOops enabled, and the Java Heap may be blocking the growth of the native heap
# Possible solutions:
#   Reduce memory load on the system
#   Increase physical memory or swap space
#   Check if swap backing store is full
#   Decrease Java heap size (-Xmx/-Xms)
#   Decrease number of Java threads
#   Decrease Java thread stack sizes (-Xss)
#   Set larger code cache with -XX:ReservedCodeCacheSize=
#   JVM is running with Zero Based Compressed Oops mode in which the Java heap is
#     placed in the first 32GB address space. The Java Heap base address is the
#     maximum limit for the native heap growth. Please use -XX:HeapBaseMinAddress
#     to set the Java Heap base and to place the Java Heap above 32GB virtual address.
# This output file may be truncated or incomplete.
#
#  Out of Memory Error (arena.cpp:162), pid=49800, tid=59928
#
# JRE version: OpenJDK Runtime Environment Zulu24.32+13-CA (24.0.2+12) (build 24.0.2+12)
# Java VM: OpenJDK 64-Bit Server VM Zulu24.32+13-CA (24.0.2+12, mixed mode, sharing, tiered, compressed oops, compressed class ptrs, g1 gc, windows-amd64)
# No core dump will be written. Minidumps are not enabled by default on client versions of Windows
#

---------------  S U M M A R Y ------------

Command Line: Interfaz.Login

Host: AMD Ryzen 3 7320U with Radeon Graphics         , 8 cores, 13G,  Windows 11 , 64 bit Build 26100 (10.0.26100.4768)
Time: Sun Aug 31 16:44:48 2025 Hora est. Pacífico, Sudamérica elapsed time: 14.213805 seconds (0d 0h 0m 14s)

---------------  T H R E A D  ---------------

Current thread (0x000001e07e8647c0):  JavaThread "C2 CompilerThread0" daemon [_thread_in_native, id=59928, stack(0x000000d30a400000,0x000000d30a500000) (1024K)]


Current CompileTask:
C2:14213 2651   !   4       sun.awt.PostEventQueue::flush (168 bytes)

Stack: [0x000000d30a400000,0x000000d30a500000]
Native frames: (J=compiled Java code, j=interpreted, Vv=VM code, C=native code)
V  [jvm.dll+0x741329]  (no source info available)
V  [jvm.dll+0x97e243]  (no source info available)
V  [jvm.dll+0x98056d]  (no source info available)
V  [jvm.dll+0x980be3]  (no source info available)
V  [jvm.dll+0x2b5a76]  (no source info available)
V  [jvm.dll+0xd00af]  (no source info available)
V  [jvm.dll+0xd030f]  (no source info available)
V  [jvm.dll+0x15b85f]  (no source info available)
V  [jvm.dll+0x746bef]  (no source info available)
V  [jvm.dll+0x27a478]  (no source info available)
V  [jvm.dll+0x279591]  (no source info available)
V  [jvm.dll+0x1f30fa]  (no source info available)
V  [jvm.dll+0x288d95]  (no source info available)
V  [jvm.dll+0x28702a]  (no source info available)
V  [jvm.dll+0x43e016]  (no source info available)
V  [jvm.dll+0x920c78]  (no source info available)
V  [jvm.dll+0x73fab5]  (no source info available)
C  [ucrtbase.dll+0x37b0]  (no source info available)
C  [KERNEL32.DLL+0x2e8d7]  (no source info available)
C  [ntdll.dll+0x3c34c]  (no source info available)

Lock stack of current Java thread (top to bottom):


---------------  P R O C E S S  ---------------

Threads class SMR info:
_java_thread_list=0x000001e05421a8e0, length=18, elements={
0x000001e07e854ca0, 0x000001e07e8555e0, 0x000001e07e85ba40, 0x000001e07e85c900,
0x000001e07e862480, 0x000001e07e860d20, 0x000001e07e8647c0, 0x000001e07e877cf0,
0x000001e0540af630, 0x000001e0540afd80, 0x000001e0540b04d0, 0x000001e0540ae790,
0x000001e0540ad8f0, 0x000001e0540aeee0, 0x000001e0540ad1a0, 0x000001e054aac540,
0x000001e054aae9d0, 0x000001e054aae280
}

Java Threads: ( => current thread )
  0x000001e07e854ca0 JavaThread "Reference Handler"          daemon [_thread_blocked, id=60340, stack(0x000000d309e00000,0x000000d309f00000) (1024K)]
  0x000001e07e8555e0 JavaThread "Finalizer"                  daemon [_thread_blocked, id=61928, stack(0x000000d309f00000,0x000000d30a000000) (1024K)]
  0x000001e07e85ba40 JavaThread "Signal Dispatcher"          daemon [_thread_blocked, id=57736, stack(0x000000d30a000000,0x000000d30a100000) (1024K)]
  0x000001e07e85c900 JavaThread "Attach Listener"            daemon [_thread_blocked, id=49576, stack(0x000000d30a100000,0x000000d30a200000) (1024K)]
  0x000001e07e862480 JavaThread "Service Thread"             daemon [_thread_blocked, id=51368, stack(0x000000d30a200000,0x000000d30a300000) (1024K)]
  0x000001e07e860d20 JavaThread "Monitor Deflation Thread"   daemon [_thread_blocked, id=61536, stack(0x000000d30a300000,0x000000d30a400000) (1024K)]
=>0x000001e07e8647c0 JavaThread "C2 CompilerThread0"         daemon [_thread_in_native, id=59928, stack(0x000000d30a400000,0x000000d30a500000) (1024K)]
  0x000001e07e877cf0 JavaThread "C1 CompilerThread0"         daemon [_thread_blocked, id=60936, stack(0x000000d30a500000,0x000000d30a600000) (1024K)]
  0x000001e0540af630 JavaThread "Notification Thread"        daemon [_thread_blocked, id=54680, stack(0x000000d30a600000,0x000000d30a700000) (1024K)]
  0x000001e0540afd80 JavaThread "Common-Cleaner"             daemon [_thread_blocked, id=47268, stack(0x000000d30a700000,0x000000d30a800000) (1024K)]
  0x000001e0540b04d0 JavaThread "Java2D Disposer"            daemon [_thread_blocked, id=53844, stack(0x000000d30a800000,0x000000d30a900000) (1024K)]
  0x000001e0540ae790 JavaThread "AWT-Shutdown"                      [_thread_blocked, id=61584, stack(0x000000d30a900000,0x000000d30aa00000) (1024K)]
  0x000001e0540ad8f0 JavaThread "AWT-Windows"                daemon [_thread_in_native, id=61196, stack(0x000000d30aa00000,0x000000d30ab00000) (1024K)]
  0x000001e0540aeee0 JavaThread "AWT-EventQueue-0"                  [_thread_blocked, id=61136, stack(0x000000d30ab00000,0x000000d30ac00000) (1024K)]
  0x000001e0540ad1a0 JavaThread "DestroyJavaVM"                     [_thread_blocked, id=61864, stack(0x000000d309600000,0x000000d309700000) (1024K)]
  0x000001e054aac540 JavaThread "TimerQueue"                 daemon [_thread_blocked, id=58092, stack(0x000000d30b700000,0x000000d30b800000) (1024K)]
  0x000001e054aae9d0 JavaThread "D3D Screen Updater"         daemon [_thread_blocked, id=61752, stack(0x000000d30bb00000,0x000000d30bc00000) (1024K)]
  0x000001e054aae280 JavaThread "Image Fetcher 0"            daemon [_thread_blocked, id=61800, stack(0x000000d30c100000,0x000000d30c200000) (1024K)]
Total: 18

Other Threads:
  0x000001e07e846ec0 VMThread "VM Thread"                           [id=58280, stack(0x000000d309d00000,0x000000d309e00000) (1024K)]
  0x000001e07e837d60 WatcherThread "VM Periodic Task Thread"        [id=53020, stack(0x000000d309c00000,0x000000d309d00000) (1024K)]
  0x000001e06eb8d0e0 WorkerThread "GC Thread#0"                     [id=61872, stack(0x000000d309700000,0x000000d309800000) (1024K)]
  0x000001e054219120 WorkerThread "GC Thread#1"                     [id=61896, stack(0x000000d30b400000,0x000000d30b500000) (1024K)]
  0x000001e0542194d0 WorkerThread "GC Thread#2"                     [id=56696, stack(0x000000d30b600000,0x000000d30b700000) (1024K)]
  0x000001e054219880 WorkerThread "GC Thread#3"                     [id=61760, stack(0x000000d30bc00000,0x000000d30bd00000) (1024K)]
  0x000001e054219c30 WorkerThread "GC Thread#4"                     [id=56876, stack(0x000000d30bd00000,0x000000d30be00000) (1024K)]
  0x000001e054219fe0 WorkerThread "GC Thread#5"                     [id=57984, stack(0x000000d30be00000,0x000000d30bf00000) (1024K)]
  0x000001e05486fe70 WorkerThread "GC Thread#6"                     [id=61724, stack(0x000000d30bf00000,0x000000d30c000000) (1024K)]
  0x000001e06eba0400 ConcurrentGCThread "G1 Main Marker"            [id=60992, stack(0x000000d309800000,0x000000d309900000) (1024K)]
  0x000001e06eba1d60 WorkerThread "G1 Conc#0"                       [id=53628, stack(0x000000d309900000,0x000000d309a00000) (1024K)]
  0x000001e06ebee940 ConcurrentGCThread "G1 Refine#0"               [id=61876, stack(0x000000d309a00000,0x000000d309b00000) (1024K)]
  0x000001e07e700550 ConcurrentGCThread "G1 Service"                [id=61076, stack(0x000000d309b00000,0x000000d309c00000) (1024K)]
Total: 13

Threads with active compile tasks:
C2 CompilerThread0  14256 2651   !   4       sun.awt.PostEventQueue::flush (168 bytes)
Total: 1

VM state: not at safepoint (normal execution)

VM Mutex/Monitor currently owned by a thread: None

Heap address: 0x0000000724200000, size: 3518 MB, Compressed Oops mode: Zero based, Oop shift amount: 3

CDS archive(s) mapped at: [0x000001e00f000000-0x000001e00fd40000-0x000001e00fd40000), size 13893632, SharedBaseAddress: 0x000001e00f000000, ArchiveRelocationMode: 1.
Compressed class space mapped at: 0x000001e010000000-0x000001e050000000, reserved size: 1073741824
UseCompressedClassPointers 1, UseCompactObjectHeaders 0
Narrow klass pointer bits 32, Max shift 3
Narrow klass base: 0x000001e00f000000, Narrow klass shift: 0
Encoding Range: [0x000001e00f000000 - 0x000001e10f000000), (4294967296 bytes)
Klass Range:    [0x000001e00f000000 - 0x000001e050000000), (1090519040 bytes)
Klass ID Range:  [8 - 1090519033) (1090519025)

GC Precious Log:
 CardTable entry size: 512
 Card Set container configuration: InlinePtr #cards 4 size 8 Array Of Cards #cards 16 size 48 Howl #buckets 8 coarsen threshold 3686 Howl Bitmap #cards 512 size 80 coarsen threshold 460 Card regions per heap region 1 cards per card region 4096
 CPUs: 8 total, 8 available
 Memory: 14069M
 Large Page Support: Disabled
 NUMA Support: Disabled
 Compressed Oops: Enabled (Zero based)
 Heap Region Size: 2M
 Heap Min Capacity: 8M
 Heap Initial Capacity: 220M
 Heap Max Capacity: 3518M
 Pre-touch: Disabled
 Parallel Workers: 8
 Concurrent Workers: 2
 Concurrent Refinement Workers: 8
 Periodic GC: Disabled

Heap:
 garbage-first heap   total reserved 3602432K, committed 227328K, used 40048K [0x0000000724200000, 0x0000000800000000)
  region size 2048K, 8 young (16384K), 2 survivors (4096K)
 Metaspace       used 13339K, committed 13568K, reserved 1114112K
  class space    used 1237K, committed 1344K, reserved 1048576K

Heap Regions: E=young(eden), S=young(survivor), O=old, HS=humongous(starts), HC=humongous(continues), CS=collection set, F=free, TAMS=top-at-mark-start, PB=parsable bottom
|   0|0x0000000724200000, 0x0000000724400000, 0x0000000724400000|100%|HS|  |TAMS 0x0000000724200000| PB 0x0000000724200000| Complete |  0
|   1|0x0000000724400000, 0x0000000724600000, 0x0000000724600000|100%|HC|  |TAMS 0x0000000724400000| PB 0x0000000724400000| Complete |  0
|   2|0x0000000724600000, 0x0000000724800000, 0x0000000724800000|100%|HS|  |TAMS 0x0000000724600000| PB 0x0000000724600000| Complete |  0
|   3|0x0000000724800000, 0x0000000724a00000, 0x0000000724a00000|100%|HC|  |TAMS 0x0000000724800000| PB 0x0000000724800000| Complete |  0
|   4|0x0000000724a00000, 0x0000000724c00000, 0x0000000724c00000|100%|HC|  |TAMS 0x0000000724a00000| PB 0x0000000724a00000| Complete |  0
|   5|0x0000000724c00000, 0x0000000724e00000, 0x0000000724e00000|100%|HS|  |TAMS 0x0000000724c00000| PB 0x0000000724c00000| Complete |  0
|   6|0x0000000724e00000, 0x0000000725000000, 0x0000000725000000|100%|HC|  |TAMS 0x0000000724e00000| PB 0x0000000724e00000| Complete |  0
|   7|0x0000000725000000, 0x0000000725200000, 0x0000000725200000|100%|HS|  |TAMS 0x0000000725000000| PB 0x0000000725000000| Complete |  0
|   8|0x0000000725200000, 0x0000000725400000, 0x0000000725400000|100%|HC|  |TAMS 0x0000000725200000| PB 0x0000000725200000| Complete |  0
|   9|0x0000000725400000, 0x0000000725600000, 0x0000000725600000|100%|HS|  |TAMS 0x0000000725400000| PB 0x0000000725400000| Complete |  0
|  10|0x0000000725600000, 0x0000000725800000, 0x0000000725800000|100%|HC|  |TAMS 0x0000000725600000| PB 0x0000000725600000| Complete |  0
|  11|0x0000000725800000, 0x0000000725a00000, 0x0000000725a00000|100%|HC|  |TAMS 0x0000000725800000| PB 0x0000000725800000| Complete |  0
|  12|0x0000000725a00000, 0x0000000725a00000, 0x0000000725c00000|  0%| F|  |TAMS 0x0000000725a00000| PB 0x0000000725a00000| Untracked |  0
|  13|0x0000000725c00000, 0x0000000725c00000, 0x0000000725e00000|  0%| F|  |TAMS 0x0000000725c00000| PB 0x0000000725c00000| Untracked |  0
|  14|0x0000000725e00000, 0x0000000725e00000, 0x0000000726000000|  0%| F|  |TAMS 0x0000000725e00000| PB 0x0000000725e00000| Untracked |  0
|  15|0x0000000726000000, 0x0000000726000000, 0x0000000726200000|  0%| F|  |TAMS 0x0000000726000000| PB 0x0000000726000000| Untracked |  0
|  16|0x0000000726200000, 0x0000000726200000, 0x0000000726400000|  0%| F|  |TAMS 0x0000000726200000| PB 0x0000000726200000| Untracked |  0
|  17|0x0000000726400000, 0x0000000726400000, 0x0000000726600000|  0%| F|  |TAMS 0x0000000726400000| PB 0x0000000726400000| Untracked |  0
|  18|0x0000000726600000, 0x0000000726600000, 0x0000000726800000|  0%| F|  |TAMS 0x0000000726600000| PB 0x0000000726600000| Untracked |  0
|  19|0x0000000726800000, 0x0000000726800000, 0x0000000726a00000|  0%| F|  |TAMS 0x0000000726800000| PB 0x0000000726800000| Untracked |  0
|  20|0x0000000726a00000, 0x0000000726a00000, 0x0000000726c00000|  0%| F|  |TAMS 0x0000000726a00000| PB 0x0000000726a00000| Untracked |  0
|  21|0x0000000726c00000, 0x0000000726c00000, 0x0000000726e00000|  0%| F|  |TAMS 0x0000000726c00000| PB 0x0000000726c00000| Untracked |  0
|  22|0x0000000726e00000, 0x0000000726e00000, 0x0000000727000000|  0%| F|  |TAMS 0x0000000726e00000| PB 0x0000000726e00000| Untracked |  0
|  23|0x0000000727000000, 0x0000000727000000, 0x0000000727200000|  0%| F|  |TAMS 0x0000000727000000| PB 0x0000000727000000| Untracked |  0
|  24|0x0000000727200000, 0x0000000727200000, 0x0000000727400000|  0%| F|  |TAMS 0x0000000727200000| PB 0x0000000727200000| Untracked |  0
|  25|0x0000000727400000, 0x0000000727400000, 0x0000000727600000|  0%| F|  |TAMS 0x0000000727400000| PB 0x0000000727400000| Untracked |  0
|  26|0x0000000727600000, 0x0000000727600000, 0x0000000727800000|  0%| F|  |TAMS 0x0000000727600000| PB 0x0000000727600000| Untracked |  0
|  27|0x0000000727800000, 0x0000000727800000, 0x0000000727a00000|  0%| F|  |TAMS 0x0000000727800000| PB 0x0000000727800000| Untracked |  0
|  28|0x0000000727a00000, 0x0000000727a00000, 0x0000000727c00000|  0%| F|  |TAMS 0x0000000727a00000| PB 0x0000000727a00000| Untracked |  0
|  29|0x0000000727c00000, 0x0000000727c00000, 0x0000000727e00000|  0%| F|  |TAMS 0x0000000727c00000| PB 0x0000000727c00000| Untracked |  0
|  30|0x0000000727e00000, 0x0000000727e00000, 0x0000000728000000|  0%| F|  |TAMS 0x0000000727e00000| PB 0x0000000727e00000| Untracked |  0
|  31|0x0000000728000000, 0x0000000728000000, 0x0000000728200000|  0%| F|  |TAMS 0x0000000728000000| PB 0x0000000728000000| Untracked |  0
|  32|0x0000000728200000, 0x0000000728200000, 0x0000000728400000|  0%| F|  |TAMS 0x0000000728200000| PB 0x0000000728200000| Untracked |  0
|  33|0x0000000728400000, 0x0000000728400000, 0x0000000728600000|  0%| F|  |TAMS 0x0000000728400000| PB 0x0000000728400000| Untracked |  0
|  34|0x0000000728600000, 0x0000000728600000, 0x0000000728800000|  0%| F|  |TAMS 0x0000000728600000| PB 0x0000000728600000| Untracked |  0
|  35|0x0000000728800000, 0x0000000728800000, 0x0000000728a00000|  0%| F|  |TAMS 0x0000000728800000| PB 0x0000000728800000| Untracked |  0
|  36|0x0000000728a00000, 0x0000000728a00000, 0x0000000728c00000|  0%| F|  |TAMS 0x0000000728a00000| PB 0x0000000728a00000| Untracked |  0
|  37|0x0000000728c00000, 0x0000000728c00000, 0x0000000728e00000|  0%| F|  |TAMS 0x0000000728c00000| PB 0x0000000728c00000| Untracked |  0
|  38|0x0000000728e00000, 0x0000000728e00000, 0x0000000729000000|  0%| F|  |TAMS 0x0000000728e00000| PB 0x0000000728e00000| Untracked |  0
|  39|0x0000000729000000, 0x0000000729000000, 0x0000000729200000|  0%| F|  |TAMS 0x0000000729000000| PB 0x0000000729000000| Untracked |  0
|  40|0x0000000729200000, 0x0000000729200000, 0x0000000729400000|  0%| F|  |TAMS 0x0000000729200000| PB 0x0000000729200000| Untracked |  0
|  41|0x0000000729400000, 0x0000000729400000, 0x0000000729600000|  0%| F|  |TAMS 0x0000000729400000| PB 0x0000000729400000| Untracked |  0
|  42|0x0000000729600000, 0x0000000729600000, 0x0000000729800000|  0%| F|  |TAMS 0x0000000729600000| PB 0x0000000729600000| Untracked |  0
|  43|0x0000000729800000, 0x0000000729800000, 0x0000000729a00000|  0%| F|  |TAMS 0x0000000729800000| PB 0x0000000729800000| Untracked |  0
|  44|0x0000000729a00000, 0x0000000729a00000, 0x0000000729c00000|  0%| F|  |TAMS 0x0000000729a00000| PB 0x0000000729a00000| Untracked |  0
|  45|0x0000000729c00000, 0x0000000729c00000, 0x0000000729e00000|  0%| F|  |TAMS 0x0000000729c00000| PB 0x0000000729c00000| Untracked |  0
|  46|0x0000000729e00000, 0x0000000729e00000, 0x000000072a000000|  0%| F|  |TAMS 0x0000000729e00000| PB 0x0000000729e00000| Untracked |  0
|  47|0x000000072a000000, 0x000000072a000000, 0x000000072a200000|  0%| F|  |TAMS 0x000000072a000000| PB 0x000000072a000000| Untracked |  0
|  48|0x000000072a200000, 0x000000072a200000, 0x000000072a400000|  0%| F|  |TAMS 0x000000072a200000| PB 0x000000072a200000| Untracked |  0
|  49|0x000000072a400000, 0x000000072a400000, 0x000000072a600000|  0%| F|  |TAMS 0x000000072a400000| PB 0x000000072a400000| Untracked |  0
|  50|0x000000072a600000, 0x000000072a600000, 0x000000072a800000|  0%| F|  |TAMS 0x000000072a600000| PB 0x000000072a600000| Untracked |  0
|  51|0x000000072a800000, 0x000000072a800000, 0x000000072aa00000|  0%| F|  |TAMS 0x000000072a800000| PB 0x000000072a800000| Untracked |  0
|  52|0x000000072aa00000, 0x000000072aa00000, 0x000000072ac00000|  0%| F|  |TAMS 0x000000072aa00000| PB 0x000000072aa00000| Untracked |  0
|  53|0x000000072ac00000, 0x000000072ac00000, 0x000000072ae00000|  0%| F|  |TAMS 0x000000072ac00000| PB 0x000000072ac00000| Untracked |  0
|  54|0x000000072ae00000, 0x000000072ae00000, 0x000000072b000000|  0%| F|  |TAMS 0x000000072ae00000| PB 0x000000072ae00000| Untracked |  0
|  55|0x000000072b000000, 0x000000072b000000, 0x000000072b200000|  0%| F|  |TAMS 0x000000072b000000| PB 0x000000072b000000| Untracked |  0
|  56|0x000000072b200000, 0x000000072b200000, 0x000000072b400000|  0%| F|  |TAMS 0x000000072b200000| PB 0x000000072b200000| Untracked |  0
|  57|0x000000072b400000, 0x000000072b400000, 0x000000072b600000|  0%| F|  |TAMS 0x000000072b400000| PB 0x000000072b400000| Untracked |  0
|  58|0x000000072b600000, 0x000000072b600000, 0x000000072b800000|  0%| F|  |TAMS 0x000000072b600000| PB 0x000000072b600000| Untracked |  0
|  59|0x000000072b800000, 0x000000072b800000, 0x000000072ba00000|  0%| F|  |TAMS 0x000000072b800000| PB 0x000000072b800000| Untracked |  0
|  60|0x000000072ba00000, 0x000000072ba00000, 0x000000072bc00000|  0%| F|  |TAMS 0x000000072ba00000| PB 0x000000072ba00000| Untracked |  0
|  61|0x000000072bc00000, 0x000000072bc00000, 0x000000072be00000|  0%| F|  |TAMS 0x000000072bc00000| PB 0x000000072bc00000| Untracked |  0
|  62|0x000000072be00000, 0x000000072be00000, 0x000000072c000000|  0%| F|  |TAMS 0x000000072be00000| PB 0x000000072be00000| Untracked |  0
|  63|0x000000072c000000, 0x000000072c000000, 0x000000072c200000|  0%| F|  |TAMS 0x000000072c000000| PB 0x000000072c000000| Untracked |  0
|  64|0x000000072c200000, 0x000000072c200000, 0x000000072c400000|  0%| F|  |TAMS 0x000000072c200000| PB 0x000000072c200000| Untracked |  0
|  65|0x000000072c400000, 0x000000072c400000, 0x000000072c600000|  0%| F|  |TAMS 0x000000072c400000| PB 0x000000072c400000| Untracked |  0
|  66|0x000000072c600000, 0x000000072c600000, 0x000000072c800000|  0%| F|  |TAMS 0x000000072c600000| PB 0x000000072c600000| Untracked |  0
|  67|0x000000072c800000, 0x000000072c800000, 0x000000072ca00000|  0%| F|  |TAMS 0x000000072c800000| PB 0x000000072c800000| Untracked |  0
|  68|0x000000072ca00000, 0x000000072ca00000, 0x000000072cc00000|  0%| F|  |TAMS 0x000000072ca00000| PB 0x000000072ca00000| Untracked |  0
|  69|0x000000072cc00000, 0x000000072cc00000, 0x000000072ce00000|  0%| F|  |TAMS 0x000000072cc00000| PB 0x000000072cc00000| Untracked |  0
|  70|0x000000072ce00000, 0x000000072ce00000, 0x000000072d000000|  0%| F|  |TAMS 0x000000072ce00000| PB 0x000000072ce00000| Untracked |  0
|  71|0x000000072d000000, 0x000000072d000000, 0x000000072d200000|  0%| F|  |TAMS 0x000000072d000000| PB 0x000000072d000000| Untracked |  0
|  72|0x000000072d200000, 0x000000072d200000, 0x000000072d400000|  0%| F|  |TAMS 0x000000072d200000| PB 0x000000072d200000| Untracked |  0
|  73|0x000000072d400000, 0x000000072d400000, 0x000000072d600000|  0%| F|  |TAMS 0x000000072d400000| PB 0x000000072d400000| Untracked |  0
|  74|0x000000072d600000, 0x000000072d600000, 0x000000072d800000|  0%| F|  |TAMS 0x000000072d600000| PB 0x000000072d600000| Untracked |  0
|  75|0x000000072d800000, 0x000000072d800000, 0x000000072da00000|  0%| F|  |TAMS 0x000000072d800000| PB 0x000000072d800000| Untracked |  0
|  76|0x000000072da00000, 0x000000072da00000, 0x000000072dc00000|  0%| F|  |TAMS 0x000000072da00000| PB 0x000000072da00000| Untracked |  0
|  77|0x000000072dc00000, 0x000000072dc00000, 0x000000072de00000|  0%| F|  |TAMS 0x000000072dc00000| PB 0x000000072dc00000| Untracked |  0
|  78|0x000000072de00000, 0x000000072de00000, 0x000000072e000000|  0%| F|  |TAMS 0x000000072de00000| PB 0x000000072de00000| Untracked |  0
|  79|0x000000072e000000, 0x000000072e000000, 0x000000072e200000|  0%| F|  |TAMS 0x000000072e000000| PB 0x000000072e000000| Untracked |  0
|  80|0x000000072e200000, 0x000000072e200000, 0x000000072e400000|  0%| F|  |TAMS 0x000000072e200000| PB 0x000000072e200000| Untracked |  0
|  81|0x000000072e400000, 0x000000072e400000, 0x000000072e600000|  0%| F|  |TAMS 0x000000072e400000| PB 0x000000072e400000| Untracked |  0
|  82|0x000000072e600000, 0x000000072e600000, 0x000000072e800000|  0%| F|  |TAMS 0x000000072e600000| PB 0x000000072e600000| Untracked |  0
|  83|0x000000072e800000, 0x000000072e800000, 0x000000072ea00000|  0%| F|  |TAMS 0x000000072e800000| PB 0x000000072e800000| Untracked |  0
|  84|0x000000072ea00000, 0x000000072ec00000, 0x000000072ec00000|100%| S|CS|TAMS 0x000000072ea00000| PB 0x000000072ea00000| Complete |  0
|  85|0x000000072ec00000, 0x000000072ee00000, 0x000000072ee00000|100%| S|CS|TAMS 0x000000072ec00000| PB 0x000000072ec00000| Complete |  0
|  86|0x000000072ee00000, 0x000000072ee00000, 0x000000072f000000|  0%| F|  |TAMS 0x000000072ee00000| PB 0x000000072ee00000| Untracked |  0
|  87|0x000000072f000000, 0x000000072f000000, 0x000000072f200000|  0%| F|  |TAMS 0x000000072f000000| PB 0x000000072f000000| Untracked |  0
|  88|0x000000072f200000, 0x000000072f200000, 0x000000072f400000|  0%| F|  |TAMS 0x000000072f200000| PB 0x000000072f200000| Untracked |  0
|  89|0x000000072f400000, 0x000000072f400000, 0x000000072f600000|  0%| F|  |TAMS 0x000000072f400000| PB 0x000000072f400000| Untracked |  0
|  90|0x000000072f600000, 0x000000072f600000, 0x000000072f800000|  0%| F|  |TAMS 0x000000072f600000| PB 0x000000072f600000| Untracked |  0
|  91|0x000000072f800000, 0x000000072f800000, 0x000000072fa00000|  0%| F|  |TAMS 0x000000072f800000| PB 0x000000072f800000| Untracked |  0
|  92|0x000000072fa00000, 0x000000072fa00000, 0x000000072fc00000|  0%| F|  |TAMS 0x000000072fa00000| PB 0x000000072fa00000| Untracked |  0
|  93|0x000000072fc00000, 0x000000072fc00000, 0x000000072fe00000|  0%| F|  |TAMS 0x000000072fc00000| PB 0x000000072fc00000| Untracked |  0
|  94|0x000000072fe00000, 0x000000072fe00000, 0x0000000730000000|  0%| F|  |TAMS 0x000000072fe00000| PB 0x000000072fe00000| Untracked |  0
|  95|0x0000000730000000, 0x0000000730000000, 0x0000000730200000|  0%| F|  |TAMS 0x0000000730000000| PB 0x0000000730000000| Untracked |  0
|  96|0x0000000730200000, 0x0000000730200000, 0x0000000730400000|  0%| F|  |TAMS 0x0000000730200000| PB 0x0000000730200000| Untracked |  0
|  97|0x0000000730400000, 0x0000000730400000, 0x0000000730600000|  0%| F|  |TAMS 0x0000000730400000| PB 0x0000000730400000| Untracked |  0
|  98|0x0000000730600000, 0x0000000730600000, 0x0000000730800000|  0%| F|  |TAMS 0x0000000730600000| PB 0x0000000730600000| Untracked |  0
|  99|0x0000000730800000, 0x0000000730800000, 0x0000000730a00000|  0%| F|  |TAMS 0x0000000730800000| PB 0x0000000730800000| Untracked |  0
| 100|0x0000000730a00000, 0x0000000730a00000, 0x0000000730c00000|  0%| F|  |TAMS 0x0000000730a00000| PB 0x0000000730a00000| Untracked |  0
| 101|0x0000000730c00000, 0x0000000730c00000, 0x0000000730e00000|  0%| F|  |TAMS 0x0000000730c00000| PB 0x0000000730c00000| Untracked |  0
| 102|0x0000000730e00000, 0x0000000730e00000, 0x0000000731000000|  0%| F|  |TAMS 0x0000000730e00000| PB 0x0000000730e00000| Untracked |  0
| 103|0x0000000731000000, 0x0000000731000000, 0x0000000731200000|  0%| F|  |TAMS 0x0000000731000000| PB 0x0000000731000000| Untracked |  0
| 104|0x0000000731200000, 0x0000000731400000, 0x0000000731400000|100%| E|  |TAMS 0x0000000731200000| PB 0x0000000731200000| Complete |  0
| 105|0x0000000731400000, 0x0000000731600000, 0x0000000731600000|100%| E|CS|TAMS 0x0000000731400000| PB 0x0000000731400000| Complete |  0
| 106|0x0000000731600000, 0x0000000731800000, 0x0000000731800000|100%| E|CS|TAMS 0x0000000731600000| PB 0x0000000731600000| Complete |  0
| 107|0x0000000731800000, 0x0000000731a00000, 0x0000000731a00000|100%| E|CS|TAMS 0x0000000731800000| PB 0x0000000731800000| Complete |  0
| 108|0x0000000731a00000, 0x0000000731c00000, 0x0000000731c00000|100%| E|CS|TAMS 0x0000000731a00000| PB 0x0000000731a00000| Complete |  0
| 109|0x0000000731c00000, 0x0000000731e00000, 0x0000000731e00000|100%| E|CS|TAMS 0x0000000731c00000| PB 0x0000000731c00000| Complete |  0
|1758|0x00000007ffe00000, 0x00000007fff1c318, 0x0000000800000000| 55%| O|  |TAMS 0x00000007ffe00000| PB 0x00000007ffe00000| Untracked |  0

Card table byte_map: [0x000001e078040000,0x000001e078720000] _byte_map_base: 0x000001e07471f000

Marking Bits: (CMBitMap*) 0x000001e06eb8e800
 Bits: [0x000001e078720000, 0x000001e07be18000)

Polling page: 0x000001e06c930000

Metaspace:

Usage:
  Non-class:     11.82 MB used.
      Class:      1.21 MB used.
       Both:     13.03 MB used.

Virtual space:
  Non-class space:       64.00 MB reserved,      11.94 MB ( 19%) committed,  1 nodes.
      Class space:        1.00 GB reserved,       1.31 MB ( <1%) committed,  1 nodes.
             Both:        1.06 GB reserved,      13.25 MB (  1%) committed. 

Chunk freelists:
   Non-Class:  4.10 MB
       Class:  14.74 MB
        Both:  18.84 MB

MaxMetaspaceSize: unlimited
CompressedClassSpaceSize: 1.00 GB
Initial GC threshold: 21.00 MB
Current GC threshold: 21.00 MB
CDS: on
 - commit_granule_bytes: 65536.
 - commit_granule_words: 8192.
 - virtual_space_node_default_size: 8388608.
 - enlarge_chunks_in_place: 1.
UseCompressedClassPointers 1, UseCompactObjectHeaders 0
Narrow klass pointer bits 32, Max shift 3
Narrow klass base: 0x000001e00f000000, Narrow klass shift: 0
Encoding Range: [0x000001e00f000000 - 0x000001e10f000000), (4294967296 bytes)
Klass Range:    [0x000001e00f000000 - 0x000001e050000000), (1090519040 bytes)
Klass ID Range:  [8 - 1090519033) (1090519025)


Internal statistics:

num_allocs_failed_limit: 0.
num_arena_births: 168.
num_arena_deaths: 0.
num_vsnodes_births: 2.
num_vsnodes_deaths: 0.
num_space_committed: 212.
num_space_uncommitted: 0.
num_chunks_returned_to_freelist: 0.
num_chunks_taken_from_freelist: 247.
num_chunk_merges: 0.
num_chunk_splits: 135.
num_chunks_enlarged: 59.
num_inconsistent_stats: 0.

CodeHeap 'non-profiled nmethods': size=120064Kb used=806Kb max_used=806Kb free=119257Kb
 bounds [0x000001e007ac0000, 0x000001e007d30000, 0x000001e00f000000]
CodeHeap 'profiled nmethods': size=120000Kb used=4557Kb max_used=4557Kb free=115442Kb
 bounds [0x000001e000000000, 0x000001e000480000, 0x000001e007530000]
CodeHeap 'non-nmethods': size=5696Kb used=1591Kb max_used=1647Kb free=4104Kb
 bounds [0x000001e007530000, 0x000001e0077a0000, 0x000001e007ac0000]
CodeCache: size=245760Kb, used=6954Kb, max_used=7010Kb, free=238803Kb
 total_blobs=3407, nmethods=2650, adapters=660, full_count=0
Compilation: enabled, stopped_count=0, restarted_count=0

Compilation events (20 events):
Event: 13.833 Thread 0x000001e07e877cf0 nmethod 2641 0x000001e00046f488 code [0x000001e00046f640, 0x000001e00046ff30]
Event: 13.833 Thread 0x000001e07e877cf0 2642       3       java.util.PriorityQueue::remove (21 bytes)
Event: 13.834 Thread 0x000001e07e877cf0 nmethod 2642 0x000001e00046ff88 code [0x000001e0004700c0, 0x000001e0004702b8]
Event: 13.834 Thread 0x000001e07e877cf0 2643       3       java.util.PriorityQueue::indexOf (43 bytes)
Event: 13.834 Thread 0x000001e07e877cf0 nmethod 2643 0x000001e000470308 code [0x000001e000470440, 0x000001e000470790]
Event: 13.842 Thread 0x000001e07e877cf0 2644   !   3       javax.swing.Timer::restart (42 bytes)
Event: 13.842 Thread 0x000001e07e877cf0 nmethod 2644 0x000001e000470808 code [0x000001e0004709a0, 0x000001e000470f80]
Event: 13.846 Thread 0x000001e07e877cf0 2645   !   3       java.util.concurrent.locks.LockSupport::parkNanos (61 bytes)
Event: 13.846 Thread 0x000001e07e877cf0 nmethod 2645 0x000001e000471008 code [0x000001e000471180, 0x000001e0004716c8]
Event: 13.893 Thread 0x000001e07e877cf0 2646       3       javax.swing.ToolTipManager::mouseMoved (108 bytes)
Event: 13.894 Thread 0x000001e07e877cf0 nmethod 2646 0x000001e000471708 code [0x000001e0004718c0, 0x000001e000472368]
Event: 14.036 Thread 0x000001e07e8647c0 2648       4       java.awt.Container::getMouseEventTarget (50 bytes)
Event: 14.051 Thread 0x000001e07e8647c0 nmethod 2648 0x000001e007b87f88 code [0x000001e007b881e0, 0x000001e007b896f8]
Event: 14.060 Thread 0x000001e07e877cf0 2649       3       java.awt.Component::getNativeContainer (29 bytes)
Event: 14.060 Thread 0x000001e07e877cf0 nmethod 2649 0x000001e000472408 code [0x000001e000472540, 0x000001e000472980]
Event: 14.076 Thread 0x000001e07e8647c0 2650       4       java.awt.EventQueue::eventToCacheIndex (80 bytes)
Event: 14.077 Thread 0x000001e07e8647c0 nmethod 2650 0x000001e007b89788 code [0x000001e007b898a0, 0x000001e007b899b8]
Event: 14.103 Thread 0x000001e07e8647c0 2651   !   4       sun.awt.PostEventQueue::flush (168 bytes)
Event: 14.109 Thread 0x000001e07e877cf0 2652       3       java.awt.Component::getLocationOnScreen_NoTreeLock (107 bytes)
Event: 14.109 Thread 0x000001e07e877cf0 nmethod 2652 0x000001e000472a08 code [0x000001e000472be0, 0x000001e000473730]

GC Heap History (2 events):
Event: 9.931 GC heap before
{Heap before GC invocations=0 (full 0):
 garbage-first heap   total reserved 3602432K, committed 227328K, used 68720K [0x0000000724200000, 0x0000000800000000)
  region size 2048K, 24 young (49152K), 0 survivors (0K)
 Metaspace       used 11535K, committed 11840K, reserved 1114112K
  class space    used 1077K, committed 1216K, reserved 1048576K
}
Event: 9.936 GC heap after
{Heap after GC invocations=1 (full 0):
 garbage-first heap   total reserved 3602432K, committed 227328K, used 23664K [0x0000000724200000, 0x0000000800000000)
  region size 2048K, 2 young (4096K), 2 survivors (4096K)
 Metaspace       used 11535K, committed 11840K, reserved 1114112K
  class space    used 1077K, committed 1216K, reserved 1048576K
}

Dll operation events (10 events):
Event: 0.011 Loaded shared library C:\Program Files\Apache NetBeans\jdk\bin\java.dll
Event: 0.043 Loaded shared library C:\Program Files\Apache NetBeans\jdk\bin\jsvml.dll
Event: 0.076 Loaded shared library C:\Program Files\Apache NetBeans\jdk\bin\jimage.dll
Event: 0.081 Loaded shared library C:\Program Files\Apache NetBeans\jdk\bin\net.dll
Event: 0.083 Loaded shared library C:\Program Files\Apache NetBeans\jdk\bin\nio.dll
Event: 0.086 Loaded shared library C:\Program Files\Apache NetBeans\jdk\bin\zip.dll
Event: 0.101 Loaded shared library C:\Program Files\Apache NetBeans\jdk\bin\awt.dll
Event: 0.329 Loaded shared library C:\Program Files\Apache NetBeans\jdk\bin\freetype.dll
Event: 0.333 Loaded shared library C:\Program Files\Apache NetBeans\jdk\bin\fontmanager.dll
Event: 1.214 Loaded shared library C:\Program Files\Apache NetBeans\jdk\bin\javajpeg.dll

Deoptimization events (20 events):
Event: 11.826 Thread 0x000001e054aae280 Uncommon trap: trap_request=0xffffff4d fr.pc=0x000001e007b38338 relative=0x0000000000000bf8
Event: 11.826 Thread 0x000001e054aae280 Uncommon trap: reason=unstable_if action=reinterpret pc=0x000001e007b38338 method=java.io.BufferedInputStream.read1([BII)I @ 73 c2
Event: 11.826 Thread 0x000001e054aae280 DEOPT PACKING pc=0x000001e007b38338 sp=0x000000d30c1feff0
Event: 11.827 Thread 0x000001e054aae280 DEOPT UNPACKING pc=0x000001e007645982 sp=0x000000d30c1fef40 mode 2
Event: 12.082 Thread 0x000001e0540aeee0 Uncommon trap: trap_request=0xffffffde fr.pc=0x000001e007b7b41c relative=0x00000000000000fc
Event: 12.082 Thread 0x000001e0540aeee0 Uncommon trap: reason=class_check action=maybe_recompile pc=0x000001e007b7b41c method=jdk.internal.misc.Unsafe.allocateUninitializedArray(Ljava/lang/Class;I)Ljava/lang/Object; @ 51 c2
Event: 12.082 Thread 0x000001e0540aeee0 DEOPT PACKING pc=0x000001e007b7b41c sp=0x000000d30abfb490
Event: 12.082 Thread 0x000001e0540aeee0 DEOPT UNPACKING pc=0x000001e007645982 sp=0x000000d30abfb408 mode 2
Event: 12.082 Thread 0x000001e0540aeee0 Uncommon trap: trap_request=0xffffffde fr.pc=0x000001e007b7b41c relative=0x00000000000000fc
Event: 12.082 Thread 0x000001e0540aeee0 Uncommon trap: reason=class_check action=maybe_recompile pc=0x000001e007b7b41c method=jdk.internal.misc.Unsafe.allocateUninitializedArray(Ljava/lang/Class;I)Ljava/lang/Object; @ 51 c2
Event: 12.082 Thread 0x000001e0540aeee0 DEOPT PACKING pc=0x000001e007b7b41c sp=0x000000d30abfb340
Event: 12.082 Thread 0x000001e0540aeee0 DEOPT UNPACKING pc=0x000001e007645982 sp=0x000000d30abfb2b8 mode 2
Event: 12.084 Thread 0x000001e0540aeee0 Uncommon trap: trap_request=0xffffffde fr.pc=0x000001e007b7b41c relative=0x00000000000000fc
Event: 12.084 Thread 0x000001e0540aeee0 Uncommon trap: reason=class_check action=maybe_recompile pc=0x000001e007b7b41c method=jdk.internal.misc.Unsafe.allocateUninitializedArray(Ljava/lang/Class;I)Ljava/lang/Object; @ 51 c2
Event: 12.084 Thread 0x000001e0540aeee0 DEOPT PACKING pc=0x000001e007b7b41c sp=0x000000d30abfbdb0
Event: 12.084 Thread 0x000001e0540aeee0 DEOPT UNPACKING pc=0x000001e007645982 sp=0x000000d30abfbd28 mode 2
Event: 12.084 Thread 0x000001e0540aeee0 Uncommon trap: trap_request=0xffffffde fr.pc=0x000001e007b7b41c relative=0x00000000000000fc
Event: 12.084 Thread 0x000001e0540aeee0 Uncommon trap: reason=class_check action=maybe_recompile pc=0x000001e007b7b41c method=jdk.internal.misc.Unsafe.allocateUninitializedArray(Ljava/lang/Class;I)Ljava/lang/Object; @ 51 c2
Event: 12.084 Thread 0x000001e0540aeee0 DEOPT PACKING pc=0x000001e007b7b41c sp=0x000000d30abfbd20
Event: 12.084 Thread 0x000001e0540aeee0 DEOPT UNPACKING pc=0x000001e007645982 sp=0x000000d30abfbc98 mode 2

Classes loaded (20 events):
Event: 12.085 Loading class java/awt/geom/RectIterator
Event: 12.085 Loading class java/awt/geom/RectIterator done
Event: 12.085 Loading class sun/java2d/loops/ProcessPath
Event: 12.086 Loading class sun/java2d/loops/ProcessPath done
Event: 12.086 Loading class sun/java2d/loops/ProcessPath$1
Event: 12.086 Loading class sun/java2d/loops/ProcessPath$EndSubPathHandler
Event: 12.086 Loading class sun/java2d/loops/ProcessPath$EndSubPathHandler done
Event: 12.086 Loading class sun/java2d/loops/ProcessPath$1 done
Event: 12.086 Loading class sun/java2d/loops/ProcessPath$FillProcessHandler
Event: 12.086 Loading class sun/java2d/loops/ProcessPath$ProcessHandler
Event: 12.086 Loading class sun/java2d/loops/ProcessPath$ProcessHandler done
Event: 12.086 Loading class sun/java2d/loops/ProcessPath$FillProcessHandler done
Event: 12.086 Loading class sun/java2d/loops/ProcessPath$FillData
Event: 12.086 Loading class sun/java2d/loops/ProcessPath$FillData done
Event: 12.086 Loading class sun/java2d/loops/ProcessPath$Point
Event: 12.086 Loading class sun/java2d/loops/ProcessPath$Point done
Event: 12.086 Loading class sun/java2d/loops/ProcessPath$ActiveEdgeList
Event: 12.086 Loading class sun/java2d/loops/ProcessPath$ActiveEdgeList done
Event: 12.086 Loading class sun/java2d/loops/ProcessPath$Edge
Event: 12.086 Loading class sun/java2d/loops/ProcessPath$Edge done

Classes unloaded (0 events):
No events

Classes redefined (0 events):
No events

Internal exceptions (20 events):
Event: 0.582 Thread 0x000001e0540aeee0 Exception <a 'java/lang/NoSuchMethodError'{0x0000000731582760}: 'int java.lang.invoke.Invokers$Holder.invokeExact_MT(java.lang.Object, java.lang.Object)'> (0x0000000731582760) 
thrown [s\src\hotspot\share\interpreter\linkResolver.cpp, line 805]
Event: 0.598 Thread 0x000001e0540aeee0 Exception <a 'java/lang/NoSuchMethodError'{0x0000000731596170}: 'java.lang.Object java.lang.invoke.DirectMethodHandle$Holder.newInvokeSpecial(java.lang.Object, java.lang.Object, int)'> (0x0000000731596170) 
thrown [s\src\hotspot\share\interpreter\linkResolver.cpp, line 805]
Event: 0.601 Thread 0x000001e0540aeee0 Exception <a 'java/lang/NoSuchMethodError'{0x00000007315afaa8}: 'java.lang.Object java.lang.invoke.DirectMethodHandle$Holder.invokeStatic(java.lang.Object, java.lang.Object, java.lang.Object, java.lang.Object, int)'> (0x00000007315afaa8) 
thrown [s\src\hotspot\share\interpreter\linkResolver.cpp, line 805]
Event: 0.603 Thread 0x000001e0540aeee0 Exception <a 'java/lang/NoSuchMethodError'{0x00000007315c9ea8}: 'int java.lang.invoke.DirectMethodHandle$Holder.invokeSpecial(java.lang.Object, java.lang.Object, java.lang.Object)'> (0x00000007315c9ea8) 
thrown [s\src\hotspot\share\interpreter\linkResolver.cpp, line 805]
Event: 0.733 Thread 0x000001e0540aeee0 Exception <a 'java/io/FileNotFoundException'{0x0000000731292020}> (0x0000000731292020) 
thrown [s\src\hotspot\share\prims\jni.cpp, line 518]
Event: 0.776 Thread 0x000001e0540aeee0 Exception <a 'java/io/FileNotFoundException'{0x00000007312dbbc8}> (0x00000007312dbbc8) 
thrown [s\src\hotspot\share\prims\jni.cpp, line 518]
Event: 0.782 Thread 0x000001e0540aeee0 Exception <a 'java/io/FileNotFoundException'{0x00000007312e6900}> (0x00000007312e6900) 
thrown [s\src\hotspot\share\prims\jni.cpp, line 518]
Event: 0.801 Thread 0x000001e0540aeee0 Exception <a 'java/io/FileNotFoundException'{0x0000000731122318}> (0x0000000731122318) 
thrown [s\src\hotspot\share\prims\jni.cpp, line 518]
Event: 0.827 Thread 0x000001e0540aeee0 Exception <a 'java/io/FileNotFoundException'{0x000000073116d7f0}> (0x000000073116d7f0) 
thrown [s\src\hotspot\share\prims\jni.cpp, line 518]
Event: 0.830 Thread 0x000001e0540aeee0 Exception <a 'java/io/FileNotFoundException'{0x00000007311784c8}> (0x00000007311784c8) 
thrown [s\src\hotspot\share\prims\jni.cpp, line 518]
Event: 1.186 Thread 0x000001e0540aeee0 Exception <a 'java/lang/NoSuchMethodError'{0x00000007309c2930}: 'void java.lang.invoke.DelegatingMethodHandle$Holder.reinvoke_L(java.lang.Object, java.lang.Object, java.lang.Object, java.lang.Object, long, long, float)'> (0x00000007309c2930) 
thrown [s\src\hotspot\share\interpreter\linkResolver.cpp, line 805]
Event: 1.188 Thread 0x000001e0540aeee0 Exception <a 'java/lang/NoSuchMethodError'{0x00000007309e2838}: 'java.lang.Object java.lang.invoke.DirectMethodHandle$Holder.invokeStatic(java.lang.Object, java.lang.Object, java.lang.Object, java.lang.Object, java.lang.Object, long)'> (0x00000007309e2838) 
thrown [s\src\hotspot\share\interpreter\linkResolver.cpp, line 805]
Event: 1.195 Thread 0x000001e0540aeee0 Exception <a 'java/lang/NoSuchMethodError'{0x0000000730626450}: 'float java.lang.invoke.DelegatingMethodHandle$Holder.reinvoke_L(java.lang.Object, java.lang.Object, java.lang.Object, java.lang.Object, long, long)'> (0x0000000730626450) 
thrown [s\src\hotspot\share\interpreter\linkResolver.cpp, line 805]
Event: 1.420 Thread 0x000001e0540aeee0 Exception <a 'java/lang/NoSuchMethodError'{0x00000007306753e0}: 'void java.lang.invoke.DirectMethodHandle$Holder.invokeStaticInit(java.lang.Object)'> (0x00000007306753e0) 
thrown [s\src\hotspot\share\interpreter\linkResolver.cpp, line 805]
Event: 1.469 Thread 0x000001e0540ad8f0 Exception <a 'java/lang/NoSuchMethodError'{0x0000000731b05e00}: 'void java.lang.invoke.DirectMethodHandle$Holder.invokeVirtual(java.lang.Object, java.lang.Object)'> (0x0000000731b05e00) 
thrown [s\src\hotspot\share\interpreter\linkResolver.cpp, line 805]
Event: 1.516 Thread 0x000001e0540aeee0 Exception <a 'java/lang/NoSuchMethodError'{0x00000007306d1090}: 'void java.lang.invoke.DelegatingMethodHandle$Holder.reinvoke_L(java.lang.Object, java.lang.Object, java.lang.Object, java.lang.Object, long, long, int)'> (0x00000007306d1090) 
thrown [s\src\hotspot\share\interpreter\linkResolver.cpp, line 805]
Event: 1.521 Thread 0x000001e0540aeee0 Exception <a 'java/lang/NoSuchMethodError'{0x000000072fff3e30}: 'void java.lang.invoke.DelegatingMethodHandle$Holder.reinvoke_L(java.lang.Object, java.lang.Object, java.lang.Object, java.lang.Object, long, long, long)'> (0x000000072fff3e30) 
thrown [s\src\hotspot\share\interpreter\linkResolver.cpp, line 805]
Event: 1.542 Thread 0x000001e0540aeee0 Exception <a 'java/lang/NoSuchMethodError'{0x000000072fc4d060}: 'void java.lang.invoke.DelegatingMethodHandle$Holder.reinvoke_L(java.lang.Object, java.lang.Object, java.lang.Object, java.lang.Object, long, long, double)'> (0x000000072fc4d060) 
thrown [s\src\hotspot\share\interpreter\linkResolver.cpp, line 805]
Event: 2.061 Thread 0x000001e0540aeee0 Implicit null exception at 0x000001e007b00ff0 to 0x000001e007b01080
Event: 12.073 Thread 0x000001e0540aeee0 Exception <a 'java/lang/NoSuchMethodError'{0x0000000731351418}: 'int java.lang.invoke.DirectMethodHandle$Holder.invokeStatic(java.lang.Object)'> (0x0000000731351418) 
thrown [s\src\hotspot\share\interpreter\linkResolver.cpp, line 805]

VM Operations (20 events):
Event: 0.619 Executing VM operation: HandshakeAllThreads (Deoptimize)
Event: 0.619 Executing VM operation: HandshakeAllThreads (Deoptimize) done
Event: 0.622 Executing VM operation: HandshakeAllThreads (Deoptimize)
Event: 0.622 Executing VM operation: HandshakeAllThreads (Deoptimize) done
Event: 0.668 Executing VM operation: HandshakeAllThreads (Deoptimize)
Event: 0.668 Executing VM operation: HandshakeAllThreads (Deoptimize) done
Event: 1.180 Executing VM operation: HandshakeAllThreads (Deoptimize)
Event: 1.180 Executing VM operation: HandshakeAllThreads (Deoptimize) done
Event: 1.180 Executing VM operation: HandshakeAllThreads (Deoptimize)
Event: 1.180 Executing VM operation: HandshakeAllThreads (Deoptimize) done
Event: 1.552 Executing VM operation: HandshakeAllThreads (Deoptimize)
Event: 1.552 Executing VM operation: HandshakeAllThreads (Deoptimize) done
Event: 2.062 Executing VM operation: HandshakeAllThreads (Deoptimize)
Event: 2.062 Executing VM operation: HandshakeAllThreads (Deoptimize) done
Event: 9.931 Executing VM operation: G1CollectForAllocation (G1 Evacuation Pause)
Event: 9.936 Executing VM operation: G1CollectForAllocation (G1 Evacuation Pause) done
Event: 11.643 Executing VM operation: HandshakeAllThreads (Deoptimize)
Event: 11.643 Executing VM operation: HandshakeAllThreads (Deoptimize) done
Event: 11.673 Executing VM operation: HandshakeAllThreads (Deoptimize)
Event: 11.673 Executing VM operation: HandshakeAllThreads (Deoptimize) done

Memory protections (0 events):
No events

Nmethod flushes (0 events):
No events

Events (20 events):
Event: 0.049 Thread 0x000001e06c802120 Thread added: 0x000001e0540afd80
Event: 0.156 Thread 0x000001e06c802120 Thread added: 0x000001e0540b04d0
Event: 0.158 Thread 0x000001e06c802120 Thread added: 0x000001e0540ae790
Event: 0.158 Thread 0x000001e06c802120 Thread added: 0x000001e0540ad8f0
Event: 0.446 Thread 0x000001e06c802120 Thread added: 0x000001e0540aeee0
Event: 0.446 Thread 0x000001e06c802120 Thread exited: 0x000001e06c802120
Event: 0.446 Thread 0x000001e0540ad1a0 Thread added: 0x000001e0540ad1a0
Event: 0.637 Thread 0x000001e0540aeee0 Thread added: 0x000001e054aae280
Event: 0.656 Thread 0x000001e07e877cf0 Thread added: 0x000001e059d4ecf0
Event: 0.979 Thread 0x000001e059d4ecf0 Thread exited: 0x000001e059d4ecf0
Event: 1.152 Thread 0x000001e07e877cf0 Thread added: 0x000001e059db4000
Event: 1.152 Thread 0x000001e07e877cf0 Thread added: 0x000001e059db4790
Event: 1.205 Thread 0x000001e0540aeee0 Thread added: 0x000001e054aac540
Event: 1.531 Thread 0x000001e0540aeee0 Thread added: 0x000001e054aae9d0
Event: 1.852 Thread 0x000001e059db4790 Thread exited: 0x000001e059db4790
Event: 1.852 Thread 0x000001e059db4000 Thread exited: 0x000001e059db4000
Event: 7.144 Thread 0x000001e054aae280 Thread exited: 0x000001e054aae280
Event: 11.669 Thread 0x000001e07e877cf0 Thread added: 0x000001e05a0b2880
Event: 11.825 Thread 0x000001e0540aeee0 Thread added: 0x000001e054aae280
Event: 12.276 Thread 0x000001e05a0b2880 Thread exited: 0x000001e05a0b2880


Dynamic libraries:
0x00007ff721760000 - 0x00007ff72176e000 	C:\Program Files\Apache NetBeans\jdk\bin\java.exe
0x00007ff88f240000 - 0x00007ff88f4a7000 	C:\WINDOWS\SYSTEM32\ntdll.dll
0x00007ff88d9d0000 - 0x00007ff88da99000 	C:\WINDOWS\System32\KERNEL32.DLL
0x00007ff88c8d0000 - 0x00007ff88ccc0000 	C:\WINDOWS\System32\KERNELBASE.dll
0x00007ff88c6c0000 - 0x00007ff88c80b000 	C:\WINDOWS\System32\ucrtbase.dll
0x00007ff866bf0000 - 0x00007ff866c06000 	C:\Program Files\Apache NetBeans\jdk\bin\jli.dll
0x00007ff87ca70000 - 0x00007ff87ca8e000 	C:\Program Files\Apache NetBeans\jdk\bin\VCRUNTIME140.dll
0x00007ff88d0d0000 - 0x00007ff88d295000 	C:\WINDOWS\System32\USER32.dll
0x00007ff88b5b0000 - 0x00007ff88b84a000 	C:\WINDOWS\WinSxS\amd64_microsoft.windows.common-controls_6595b64144ccf1df_6.0.26100.4768_none_3e0c112ce331287c\COMCTL32.dll
0x00007ff88c560000 - 0x00007ff88c587000 	C:\WINDOWS\System32\win32u.dll
0x00007ff88e9d0000 - 0x00007ff88ea79000 	C:\WINDOWS\System32\msvcrt.dll
0x00007ff88d8e0000 - 0x00007ff88d90b000 	C:\WINDOWS\System32\GDI32.dll
0x00007ff88c370000 - 0x00007ff88c4a8000 	C:\WINDOWS\System32\gdi32full.dll
0x00007ff88c4b0000 - 0x00007ff88c553000 	C:\WINDOWS\System32\msvcp_win.dll
0x00007ff88d330000 - 0x00007ff88d35f000 	C:\WINDOWS\System32\IMM32.DLL
0x00007ff87ca30000 - 0x00007ff87ca3c000 	C:\Program Files\Apache NetBeans\jdk\bin\vcruntime140_1.dll
0x00007ff86ce80000 - 0x00007ff86cf0d000 	C:\Program Files\Apache NetBeans\jdk\bin\msvcp140.dll
0x00007ff808950000 - 0x00007ff8097cc000 	C:\Program Files\Apache NetBeans\jdk\bin\server\jvm.dll
0x00007ff88d910000 - 0x00007ff88d9c4000 	C:\WINDOWS\System32\ADVAPI32.dll
0x00007ff88cfd0000 - 0x00007ff88d076000 	C:\WINDOWS\System32\sechost.dll
0x00007ff88e040000 - 0x00007ff88e158000 	C:\WINDOWS\System32\RPCRT4.dll
0x00007ff88e3c0000 - 0x00007ff88e434000 	C:\WINDOWS\System32\WS2_32.dll
0x00007ff88c120000 - 0x00007ff88c17e000 	C:\WINDOWS\SYSTEM32\POWRPROF.dll
0x00007ff877910000 - 0x00007ff87791b000 	C:\WINDOWS\SYSTEM32\VERSION.dll
0x00007ff880c20000 - 0x00007ff880c55000 	C:\WINDOWS\SYSTEM32\WINMM.dll
0x00007ff88c010000 - 0x00007ff88c024000 	C:\WINDOWS\SYSTEM32\UMPDC.dll
0x00007ff88a770000 - 0x00007ff88a78b000 	C:\WINDOWS\SYSTEM32\kernel.appcore.dll
0x00007ff878c20000 - 0x00007ff878c2a000 	C:\Program Files\Apache NetBeans\jdk\bin\jimage.dll
0x00007ff88bb50000 - 0x00007ff88bd91000 	C:\WINDOWS\SYSTEM32\DBGHELP.DLL
0x00007ff88dbb0000 - 0x00007ff88df35000 	C:\WINDOWS\System32\combase.dll
0x00007ff88e160000 - 0x00007ff88e240000 	C:\WINDOWS\System32\OLEAUT32.dll
0x00007ff88ba10000 - 0x00007ff88ba53000 	C:\WINDOWS\SYSTEM32\dbgcore.DLL
0x00007ff88c620000 - 0x00007ff88c6b9000 	C:\WINDOWS\System32\bcryptPrimitives.dll
0x00007ff86fde0000 - 0x00007ff86fdfe000 	C:\Program Files\Apache NetBeans\jdk\bin\java.dll
0x00007ff88d610000 - 0x00007ff88d7b0000 	C:\WINDOWS\System32\ole32.dll
0x00007ff88ea80000 - 0x00007ff88f1cd000 	C:\WINDOWS\System32\SHELL32.dll
0x00007ff88ce50000 - 0x00007ff88cfc3000 	C:\WINDOWS\System32\wintypes.dll
0x00007ff8894a0000 - 0x00007ff889d00000 	C:\WINDOWS\SYSTEM32\windows.storage.dll
0x00007ff88e8d0000 - 0x00007ff88e9c5000 	C:\WINDOWS\System32\SHCORE.dll
0x00007ff88d7c0000 - 0x00007ff88d82a000 	C:\WINDOWS\System32\shlwapi.dll
0x00007ff88c290000 - 0x00007ff88c2b9000 	C:\WINDOWS\SYSTEM32\profapi.dll
0x00007ff84ec10000 - 0x00007ff84ece7000 	C:\Program Files\Apache NetBeans\jdk\bin\jsvml.dll
0x00007ff86b410000 - 0x00007ff86b420000 	C:\Program Files\Apache NetBeans\jdk\bin\net.dll
0x00007ff88aca0000 - 0x00007ff88ad0b000 	C:\WINDOWS\system32\mswsock.dll
0x00007ff861950000 - 0x00007ff861966000 	C:\Program Files\Apache NetBeans\jdk\bin\nio.dll
0x00007ff8663e0000 - 0x00007ff8663f7000 	C:\Program Files\Apache NetBeans\jdk\bin\zip.dll
0x00007ff841070000 - 0x00007ff8411ee000 	C:\Program Files\Apache NetBeans\jdk\bin\awt.dll
0x00007ff8878a0000 - 0x00007ff88793e000 	C:\WINDOWS\SYSTEM32\apphelp.dll
0x00007ff8879b0000 - 0x00007ff887a5f000 	C:\WINDOWS\system32\uxtheme.dll
0x00007ff88e250000 - 0x00007ff88e3b1000 	C:\WINDOWS\System32\MSCTF.dll
0x00007ff8889b0000 - 0x00007ff8889e5000 	C:\WINDOWS\system32\DWMAPI.DLL
0x00007ff845a30000 - 0x00007ff845ab7000 	C:\Program Files\Apache NetBeans\jdk\bin\freetype.dll
0x00007ff845830000 - 0x00007ff845919000 	C:\Program Files\Apache NetBeans\jdk\bin\fontmanager.dll
0x00007ff854a10000 - 0x00007ff854b28000 	C:\WINDOWS\system32\opengl32.dll
0x00007ff844540000 - 0x00007ff84456d000 	C:\WINDOWS\SYSTEM32\GLU32.dll
0x00007ff8884d0000 - 0x00007ff88851d000 	C:\WINDOWS\SYSTEM32\dxcore.dll
0x00007ff866810000 - 0x00007ff8669cb000 	C:\WINDOWS\system32\d3d9.dll
0x00007fffd1f80000 - 0x00007fffd57c4000 	C:\WINDOWS\System32\DriverStore\FileRepository\u0406361.inf_amd64_83db8324165c2a40\B405805\amdxn64.dll
0x00007ff88e440000 - 0x00007ff88e8c6000 	C:\WINDOWS\System32\SETUPAPI.dll
0x00007ff888800000 - 0x00007ff88893e000 	C:\WINDOWS\SYSTEM32\dxgi.dll
0x00007ff888520000 - 0x00007ff88858a000 	C:\WINDOWS\SYSTEM32\directxdatabasehelper.dll
0x00007ff88bf60000 - 0x00007ff88bfb7000 	C:\WINDOWS\SYSTEM32\cfgmgr32.dll
0x00007ff88c260000 - 0x00007ff88c286000 	C:\WINDOWS\SYSTEM32\BCrypt.dll
0x00007ff880780000 - 0x00007ff8807b7000 	C:\WINDOWS\System32\DriverStore\FileRepository\u0406361.inf_amd64_83db8324165c2a40\B405805\amdihk64.dll
0x00007ff87c720000 - 0x00007ff87c74e000 	C:\Program Files\Apache NetBeans\jdk\bin\javajpeg.dll
0x00007ff88d560000 - 0x00007ff88d608000 	C:\WINDOWS\System32\clbcatq.dll
0x00007ff886740000 - 0x00007ff88697f000 	C:\WINDOWS\SYSTEM32\WindowsCodecs.dll
0x00007ff86e950000 - 0x00007ff86e9aa000 	C:\WINDOWS\system32\dataexchange.dll
0x00007ff87f670000 - 0x00007ff87f8a8000 	C:\WINDOWS\system32\twinapi.appcore.dll
0x00007ff879270000 - 0x00007ff8793c1000 	C:\WINDOWS\SYSTEM32\textinputframework.dll
0x00007ff8874c0000 - 0x00007ff8875e5000 	C:\WINDOWS\SYSTEM32\CoreMessaging.dll
0x00007ff885a60000 - 0x00007ff885d43000 	C:\WINDOWS\SYSTEM32\CoreUIComponents.dll
0x00007ff88b140000 - 0x00007ff88b14c000 	C:\WINDOWS\SYSTEM32\CRYPTBASE.DLL

JVMTI agents: none

dbghelp: loaded successfully - version: 4.0.5 - missing functions: none
symbol engine: initialized successfully - sym options: 0x614 - pdb path: .;C:\Program Files\Apache NetBeans\jdk\bin;C:\WINDOWS\SYSTEM32;C:\WINDOWS\WinSxS\amd64_microsoft.windows.common-controls_6595b64144ccf1df_6.0.26100.4768_none_3e0c112ce331287c;C:\Program Files\Apache NetBeans\jdk\bin\server;C:\WINDOWS\System32\DriverStore\FileRepository\u0406361.inf_amd64_83db8324165c2a40\B405805

VM Arguments:
java_command: Interfaz.Login
java_class_path (initial): C:\Users\USUARIO\Documents\NetBeansProjects\Hotel\target\classes;C:\Users\USUARIO\.m2\repository\org\netbeans\external\AbsoluteLayout\RELEASE270\AbsoluteLayout-RELEASE270.jar
Launcher Type: SUN_STANDARD

[Global flags]
     intx CICompilerCount                          = 4                                         {product} {ergonomic}
     uint ConcGCThreads                            = 2                                         {product} {ergonomic}
     uint G1ConcRefinementThreads                  = 8                                         {product} {ergonomic}
   size_t G1HeapRegionSize                         = 2097152                                   {product} {ergonomic}
   size_t InitialHeapSize                          = 230686720                                 {product} {ergonomic}
   size_t MarkStackSize                            = 4194304                                   {product} {ergonomic}
   size_t MarkStackSizeMax                         = 536870912                                 {product} {ergonomic}
   size_t MaxHeapSize                              = 3688890368                                {product} {ergonomic}
   size_t MaxNewSize                               = 2212495360                                {product} {ergonomic}
   size_t MinHeapDeltaBytes                        = 2097152                                   {product} {ergonomic}
   size_t MinHeapSize                              = 8388608                                   {product} {ergonomic}
    uintx NonNMethodCodeHeapSize                   = 5832704                                {pd product} {ergonomic}
    uintx NonProfiledCodeHeapSize                  = 122945536                              {pd product} {ergonomic}
    uintx ProfiledCodeHeapSize                     = 122880000                              {pd product} {ergonomic}
    uintx ReservedCodeCacheSize                    = 251658240                              {pd product} {ergonomic}
     bool SegmentedCodeCache                       = true                                      {product} {ergonomic}
   size_t SoftMaxHeapSize                          = 3688890368                             {manageable} {ergonomic}
     bool UseCompressedOops                        = true                           {product lp64_product} {ergonomic}
     bool UseG1GC                                  = true                                      {product} {ergonomic}
     bool UseLargePagesIndividualAllocation        = false                                  {pd product} {ergonomic}

Logging:
Log output configuration:
 #0: stdout all=warning uptime,level,tags foldmultilines=false
 #1: stderr all=off uptime,level,tags foldmultilines=false

Environment Variables:
JAVA_HOME=C:\Program Files\Apache NetBeans\jdk
PATH=C:\Program Files\Common Files\Oracle\Java\javapath;C:\WINDOWS\system32;C:\WINDOWS;C:\WINDOWS\System32\Wbem;C:\WINDOWS\System32\WindowsPowerShell\v1.0\;C:\WINDOWS\System32\OpenSSH\;C:\Program Files\dotnet\;C:\Program Files\Git\cmd;C:\Users\USUARIO\AppData\Local\Programs\Python\Python313\Scripts\;C:\Users\USUARIO\AppData\Local\Programs\Python\Python313\;C:\Users\USUARIO\AppData\Local\Programs\Python\Launcher\;C:\Users\USUARIO\AppData\Local\Microsoft\WindowsApps;C:\Users\USUARIO\AppData\Local\Programs\Microsoft VS Code\bin
USERNAME=USUARIO
OS=Windows_NT
PROCESSOR_IDENTIFIER=AMD64 Family 23 Model 160 Stepping 0, AuthenticAMD
TMP=C:\Users\USUARIO\AppData\Local\Temp
TEMP=C:\Users\USUARIO\AppData\Local\Temp




Periodic native trim disabled

---------------  S Y S T E M  ---------------

OS:
 Windows 11 , 64 bit Build 26100 (10.0.26100.4768)
OS uptime: 2 days 5:36 hours
Hyper-V role detected

CPU: total 8 (initial active 8) (8 cores per cpu, 2 threads per core) family 23 model 160 stepping 0 microcode 0x8a00006, cx8, cmov, fxsr, ht, mmx, 3dnowpref, sse, sse2, sse3, ssse3, sse4a, sse4.1, sse4.2, popcnt, lzcnt, tsc, tscinvbit, avx, avx2, aes, clmul, bmi1, bmi2, adx, sha, fma, vzeroupper, clflush, clflushopt, hv, rdtscp, rdpid, f16c
Processor Information for the first 8 processors :
  Max Mhz: 2401, Current Mhz: 2401, Mhz Limit: 2401

Memory: 4k page, system-wide physical 14069M (1436M free)
TotalPageFile size 25883M (AvailPageFile size 10M)
current process WorkingSet (physical memory assigned to process): 247M, peak: 247M
current process commit charge ("private bytes"): 476M, peak: 485M

vm_info: OpenJDK 64-Bit Server VM (24.0.2+12) for windows-amd64 JRE (24.0.2+12) (Zulu24.32+13-CA), built on 2025-07-11T12:45:44Z with MS VC++ 17.1 (VS2022)

END.
