#
# There is insufficient memory for the Java Runtime Environment to continue.
# Native memory allocation (malloc) failed to allocate 1438544 bytes. Error detail: Chunk::new
# Possible reasons:
#   The system is out of physical RAM or swap space
#   This process is running with CompressedOops enabled, and the Java Heap may be blocking the growth of the native heap
# Possible solutions:
#   Reduce memory load on the system
#   Increase physical memory or swap space
#   Check if swap backing store is full
#   Decrease Java heap size (-Xmx/-Xms)
#   Decrease number of Java threads
#   Decrease Java thread stack sizes (-Xss)
#   Set larger code cache with -XX:ReservedCodeCacheSize=
#   JVM is running with Zero Based Compressed Oops mode in which the Java heap is
#     placed in the first 32GB address space. The Java Heap base address is the
#     maximum limit for the native heap growth. Please use -XX:HeapBaseMinAddress
#     to set the Java Heap base and to place the Java Heap above 32GB virtual address.
# This output file may be truncated or incomplete.
#
#  Out of Memory Error (arena.cpp:162), pid=54704, tid=7564
#
# JRE version: OpenJDK Runtime Environment Zulu24.32+13-CA (24.0.2+12) (build 24.0.2+12)
# Java VM: OpenJDK 64-Bit Server VM Zulu24.32+13-CA (24.0.2+12, mixed mode, sharing, tiered, compressed oops, compressed class ptrs, g1 gc, windows-amd64)
# No core dump will be written. Minidumps are not enabled by default on client versions of Windows
#

---------------  S U M M A R Y ------------

Command Line: Interfaz.Login

Host: AMD Ryzen 3 7320U with Radeon Graphics         , 8 cores, 13G,  Windows 11 , 64 bit Build 26100 (10.0.26100.4768)
Time: Sun Aug 31 16:41:25 2025 Hora est. Pacífico, Sudamérica elapsed time: 0.421844 seconds (0d 0h 0m 0s)

---------------  T H R E A D  ---------------

Current thread (0x00000125ca668310):  JavaThread "C2 CompilerThread0" daemon [_thread_in_native, id=7564, stack(0x000000255d100000,0x000000255d200000) (1024K)]


Current CompileTask:
C2:421  570       4       java.lang.StringLatin1::replace (197 bytes)

Stack: [0x000000255d100000,0x000000255d200000]
Native frames: (J=compiled Java code, j=interpreted, Vv=VM code, C=native code)
V  [jvm.dll+0x741329]  (no source info available)
V  [jvm.dll+0x97e243]  (no source info available)
V  [jvm.dll+0x98056d]  (no source info available)
V  [jvm.dll+0x980be3]  (no source info available)
V  [jvm.dll+0x2b5a76]  (no source info available)
V  [jvm.dll+0xd00af]  (no source info available)
V  [jvm.dll+0xd030f]  (no source info available)
V  [jvm.dll+0x15b85f]  (no source info available)
V  [jvm.dll+0x746bef]  (no source info available)
V  [jvm.dll+0x27a478]  (no source info available)
V  [jvm.dll+0x279591]  (no source info available)
V  [jvm.dll+0x1f30fa]  (no source info available)
V  [jvm.dll+0x288d95]  (no source info available)
V  [jvm.dll+0x28702a]  (no source info available)
V  [jvm.dll+0x43e016]  (no source info available)
V  [jvm.dll+0x920c78]  (no source info available)
V  [jvm.dll+0x73fab5]  (no source info available)
C  [ucrtbase.dll+0x37b0]  (no source info available)
C  [KERNEL32.DLL+0x2e8d7]  (no source info available)
C  [ntdll.dll+0x3c34c]  (no source info available)

Lock stack of current Java thread (top to bottom):


---------------  P R O C E S S  ---------------

Threads class SMR info:
_java_thread_list=0x00000126102be2f0, length=15, elements={
0x00000125ca64ab70, 0x00000125ca64b4b0, 0x00000125ca64d730, 0x00000125ca651310,
0x00000125ca6565d0, 0x00000125ca65f890, 0x00000125ca668310, 0x00000125ca66df70,
0x00000125ca7175a0, 0x00000125ca7184f0, 0x00000125caa7d760, 0x00000125caa7df70,
0x00000126102af260, 0x00000126104237f0, 0x00000125a9532b30
}

Java Threads: ( => current thread )
  0x00000125ca64ab70 JavaThread "Reference Handler"          daemon [_thread_blocked, id=60492, stack(0x000000255cb00000,0x000000255cc00000) (1024K)]
  0x00000125ca64b4b0 JavaThread "Finalizer"                  daemon [_thread_blocked, id=60496, stack(0x000000255cc00000,0x000000255cd00000) (1024K)]
  0x00000125ca64d730 JavaThread "Signal Dispatcher"          daemon [_thread_blocked, id=52064, stack(0x000000255cd00000,0x000000255ce00000) (1024K)]
  0x00000125ca651310 JavaThread "Attach Listener"            daemon [_thread_blocked, id=49816, stack(0x000000255ce00000,0x000000255cf00000) (1024K)]
  0x00000125ca6565d0 JavaThread "Service Thread"             daemon [_thread_blocked, id=60008, stack(0x000000255cf00000,0x000000255d000000) (1024K)]
  0x00000125ca65f890 JavaThread "Monitor Deflation Thread"   daemon [_thread_blocked, id=56828, stack(0x000000255d000000,0x000000255d100000) (1024K)]
=>0x00000125ca668310 JavaThread "C2 CompilerThread0"         daemon [_thread_in_native, id=7564, stack(0x000000255d100000,0x000000255d200000) (1024K)]
  0x00000125ca66df70 JavaThread "C1 CompilerThread0"         daemon [_thread_blocked, id=51184, stack(0x000000255d200000,0x000000255d300000) (1024K)]
  0x00000125ca7175a0 JavaThread "Notification Thread"        daemon [_thread_blocked, id=54852, stack(0x000000255d300000,0x000000255d400000) (1024K)]
  0x00000125ca7184f0 JavaThread "Common-Cleaner"             daemon [_thread_blocked, id=58940, stack(0x000000255d400000,0x000000255d500000) (1024K)]
  0x00000125caa7d760 JavaThread "Java2D Disposer"            daemon [_thread_blocked, id=58836, stack(0x000000255d500000,0x000000255d600000) (1024K)]
  0x00000125caa7df70 JavaThread "AWT-Shutdown"                      [_thread_blocked, id=60672, stack(0x000000255d600000,0x000000255d700000) (1024K)]
  0x00000126102af260 JavaThread "AWT-Windows"                daemon [_thread_in_native, id=57384, stack(0x000000255d700000,0x000000255d800000) (1024K)]
  0x00000126104237f0 JavaThread "AWT-EventQueue-0"                  [_thread_in_vm, id=46428, stack(0x000000255d800000,0x000000255d900000) (1024K)]
  0x00000125a9532b30 JavaThread "DestroyJavaVM"                     [_thread_blocked, id=53536, stack(0x000000255c300000,0x000000255c400000) (1024K)]
Total: 15

Other Threads:
  0x00000125ca63b9d0 VMThread "VM Thread"                           [id=60628, stack(0x000000255ca00000,0x000000255cb00000) (1024K)]
  0x00000125ca62db00 WatcherThread "VM Periodic Task Thread"        [id=52680, stack(0x000000255c900000,0x000000255ca00000) (1024K)]
  0x00000125ab958880 WorkerThread "GC Thread#0"                     [id=23656, stack(0x000000255c400000,0x000000255c500000) (1024K)]
  0x00000125ab96bba0 ConcurrentGCThread "G1 Main Marker"            [id=25260, stack(0x000000255c500000,0x000000255c600000) (1024K)]
  0x00000125ab96d5a0 WorkerThread "G1 Conc#0"                       [id=56168, stack(0x000000255c600000,0x000000255c700000) (1024K)]
  0x00000125ca4f52a0 ConcurrentGCThread "G1 Refine#0"               [id=61216, stack(0x000000255c700000,0x000000255c800000) (1024K)]
  0x00000125ca4f58d0 ConcurrentGCThread "G1 Service"                [id=58696, stack(0x000000255c800000,0x000000255c900000) (1024K)]
Total: 7

Threads with active compile tasks:
C2 CompilerThread0  451  570       4       java.lang.StringLatin1::replace (197 bytes)
Total: 1

VM state: not at safepoint (normal execution)

VM Mutex/Monitor currently owned by a thread: None

Heap address: 0x0000000724200000, size: 3518 MB, Compressed Oops mode: Zero based, Oop shift amount: 3

CDS archive(s) mapped at: [0x00000125cb000000-0x00000125cbd40000-0x00000125cbd40000), size 13893632, SharedBaseAddress: 0x00000125cb000000, ArchiveRelocationMode: 1.
Compressed class space mapped at: 0x00000125cc000000-0x000001260c000000, reserved size: 1073741824
UseCompressedClassPointers 1, UseCompactObjectHeaders 0
Narrow klass pointer bits 32, Max shift 3
Narrow klass base: 0x00000125cb000000, Narrow klass shift: 0
Encoding Range: [0x00000125cb000000 - 0x00000126cb000000), (4294967296 bytes)
Klass Range:    [0x00000125cb000000 - 0x000001260c000000), (1090519040 bytes)
Klass ID Range:  [8 - 1090519033) (1090519025)

GC Precious Log:
 CardTable entry size: 512
 Card Set container configuration: InlinePtr #cards 4 size 8 Array Of Cards #cards 16 size 48 Howl #buckets 8 coarsen threshold 3686 Howl Bitmap #cards 512 size 80 coarsen threshold 460 Card regions per heap region 1 cards per card region 4096
 CPUs: 8 total, 8 available
 Memory: 14069M
 Large Page Support: Disabled
 NUMA Support: Disabled
 Compressed Oops: Enabled (Zero based)
 Heap Region Size: 2M
 Heap Min Capacity: 8M
 Heap Initial Capacity: 220M
 Heap Max Capacity: 3518M
 Pre-touch: Disabled
 Parallel Workers: 8
 Concurrent Workers: 2
 Concurrent Refinement Workers: 8
 Periodic GC: Disabled

Heap:
 garbage-first heap   total reserved 3602432K, committed 227328K, used 9328K [0x0000000724200000, 0x0000000800000000)
  region size 2048K, 5 young (10240K), 0 survivors (0K)
 Metaspace       used 6924K, committed 7104K, reserved 1114112K
  class space    used 667K, committed 768K, reserved 1048576K

Heap Regions: E=young(eden), S=young(survivor), O=old, HS=humongous(starts), HC=humongous(continues), CS=collection set, F=free, TAMS=top-at-mark-start, PB=parsable bottom
|   0|0x0000000724200000, 0x0000000724200000, 0x0000000724400000|  0%| F|  |TAMS 0x0000000724200000| PB 0x0000000724200000| Untracked |  0
|   1|0x0000000724400000, 0x0000000724400000, 0x0000000724600000|  0%| F|  |TAMS 0x0000000724400000| PB 0x0000000724400000| Untracked |  0
|   2|0x0000000724600000, 0x0000000724600000, 0x0000000724800000|  0%| F|  |TAMS 0x0000000724600000| PB 0x0000000724600000| Untracked |  0
|   3|0x0000000724800000, 0x0000000724800000, 0x0000000724a00000|  0%| F|  |TAMS 0x0000000724800000| PB 0x0000000724800000| Untracked |  0
|   4|0x0000000724a00000, 0x0000000724a00000, 0x0000000724c00000|  0%| F|  |TAMS 0x0000000724a00000| PB 0x0000000724a00000| Untracked |  0
|   5|0x0000000724c00000, 0x0000000724c00000, 0x0000000724e00000|  0%| F|  |TAMS 0x0000000724c00000| PB 0x0000000724c00000| Untracked |  0
|   6|0x0000000724e00000, 0x0000000724e00000, 0x0000000725000000|  0%| F|  |TAMS 0x0000000724e00000| PB 0x0000000724e00000| Untracked |  0
|   7|0x0000000725000000, 0x0000000725000000, 0x0000000725200000|  0%| F|  |TAMS 0x0000000725000000| PB 0x0000000725000000| Untracked |  0
|   8|0x0000000725200000, 0x0000000725200000, 0x0000000725400000|  0%| F|  |TAMS 0x0000000725200000| PB 0x0000000725200000| Untracked |  0
|   9|0x0000000725400000, 0x0000000725400000, 0x0000000725600000|  0%| F|  |TAMS 0x0000000725400000| PB 0x0000000725400000| Untracked |  0
|  10|0x0000000725600000, 0x0000000725600000, 0x0000000725800000|  0%| F|  |TAMS 0x0000000725600000| PB 0x0000000725600000| Untracked |  0
|  11|0x0000000725800000, 0x0000000725800000, 0x0000000725a00000|  0%| F|  |TAMS 0x0000000725800000| PB 0x0000000725800000| Untracked |  0
|  12|0x0000000725a00000, 0x0000000725a00000, 0x0000000725c00000|  0%| F|  |TAMS 0x0000000725a00000| PB 0x0000000725a00000| Untracked |  0
|  13|0x0000000725c00000, 0x0000000725c00000, 0x0000000725e00000|  0%| F|  |TAMS 0x0000000725c00000| PB 0x0000000725c00000| Untracked |  0
|  14|0x0000000725e00000, 0x0000000725e00000, 0x0000000726000000|  0%| F|  |TAMS 0x0000000725e00000| PB 0x0000000725e00000| Untracked |  0
|  15|0x0000000726000000, 0x0000000726000000, 0x0000000726200000|  0%| F|  |TAMS 0x0000000726000000| PB 0x0000000726000000| Untracked |  0
|  16|0x0000000726200000, 0x0000000726200000, 0x0000000726400000|  0%| F|  |TAMS 0x0000000726200000| PB 0x0000000726200000| Untracked |  0
|  17|0x0000000726400000, 0x0000000726400000, 0x0000000726600000|  0%| F|  |TAMS 0x0000000726400000| PB 0x0000000726400000| Untracked |  0
|  18|0x0000000726600000, 0x0000000726600000, 0x0000000726800000|  0%| F|  |TAMS 0x0000000726600000| PB 0x0000000726600000| Untracked |  0
|  19|0x0000000726800000, 0x0000000726800000, 0x0000000726a00000|  0%| F|  |TAMS 0x0000000726800000| PB 0x0000000726800000| Untracked |  0
|  20|0x0000000726a00000, 0x0000000726a00000, 0x0000000726c00000|  0%| F|  |TAMS 0x0000000726a00000| PB 0x0000000726a00000| Untracked |  0
|  21|0x0000000726c00000, 0x0000000726c00000, 0x0000000726e00000|  0%| F|  |TAMS 0x0000000726c00000| PB 0x0000000726c00000| Untracked |  0
|  22|0x0000000726e00000, 0x0000000726e00000, 0x0000000727000000|  0%| F|  |TAMS 0x0000000726e00000| PB 0x0000000726e00000| Untracked |  0
|  23|0x0000000727000000, 0x0000000727000000, 0x0000000727200000|  0%| F|  |TAMS 0x0000000727000000| PB 0x0000000727000000| Untracked |  0
|  24|0x0000000727200000, 0x0000000727200000, 0x0000000727400000|  0%| F|  |TAMS 0x0000000727200000| PB 0x0000000727200000| Untracked |  0
|  25|0x0000000727400000, 0x0000000727400000, 0x0000000727600000|  0%| F|  |TAMS 0x0000000727400000| PB 0x0000000727400000| Untracked |  0
|  26|0x0000000727600000, 0x0000000727600000, 0x0000000727800000|  0%| F|  |TAMS 0x0000000727600000| PB 0x0000000727600000| Untracked |  0
|  27|0x0000000727800000, 0x0000000727800000, 0x0000000727a00000|  0%| F|  |TAMS 0x0000000727800000| PB 0x0000000727800000| Untracked |  0
|  28|0x0000000727a00000, 0x0000000727a00000, 0x0000000727c00000|  0%| F|  |TAMS 0x0000000727a00000| PB 0x0000000727a00000| Untracked |  0
|  29|0x0000000727c00000, 0x0000000727c00000, 0x0000000727e00000|  0%| F|  |TAMS 0x0000000727c00000| PB 0x0000000727c00000| Untracked |  0
|  30|0x0000000727e00000, 0x0000000727e00000, 0x0000000728000000|  0%| F|  |TAMS 0x0000000727e00000| PB 0x0000000727e00000| Untracked |  0
|  31|0x0000000728000000, 0x0000000728000000, 0x0000000728200000|  0%| F|  |TAMS 0x0000000728000000| PB 0x0000000728000000| Untracked |  0
|  32|0x0000000728200000, 0x0000000728200000, 0x0000000728400000|  0%| F|  |TAMS 0x0000000728200000| PB 0x0000000728200000| Untracked |  0
|  33|0x0000000728400000, 0x0000000728400000, 0x0000000728600000|  0%| F|  |TAMS 0x0000000728400000| PB 0x0000000728400000| Untracked |  0
|  34|0x0000000728600000, 0x0000000728600000, 0x0000000728800000|  0%| F|  |TAMS 0x0000000728600000| PB 0x0000000728600000| Untracked |  0
|  35|0x0000000728800000, 0x0000000728800000, 0x0000000728a00000|  0%| F|  |TAMS 0x0000000728800000| PB 0x0000000728800000| Untracked |  0
|  36|0x0000000728a00000, 0x0000000728a00000, 0x0000000728c00000|  0%| F|  |TAMS 0x0000000728a00000| PB 0x0000000728a00000| Untracked |  0
|  37|0x0000000728c00000, 0x0000000728c00000, 0x0000000728e00000|  0%| F|  |TAMS 0x0000000728c00000| PB 0x0000000728c00000| Untracked |  0
|  38|0x0000000728e00000, 0x0000000728e00000, 0x0000000729000000|  0%| F|  |TAMS 0x0000000728e00000| PB 0x0000000728e00000| Untracked |  0
|  39|0x0000000729000000, 0x0000000729000000, 0x0000000729200000|  0%| F|  |TAMS 0x0000000729000000| PB 0x0000000729000000| Untracked |  0
|  40|0x0000000729200000, 0x0000000729200000, 0x0000000729400000|  0%| F|  |TAMS 0x0000000729200000| PB 0x0000000729200000| Untracked |  0
|  41|0x0000000729400000, 0x0000000729400000, 0x0000000729600000|  0%| F|  |TAMS 0x0000000729400000| PB 0x0000000729400000| Untracked |  0
|  42|0x0000000729600000, 0x0000000729600000, 0x0000000729800000|  0%| F|  |TAMS 0x0000000729600000| PB 0x0000000729600000| Untracked |  0
|  43|0x0000000729800000, 0x0000000729800000, 0x0000000729a00000|  0%| F|  |TAMS 0x0000000729800000| PB 0x0000000729800000| Untracked |  0
|  44|0x0000000729a00000, 0x0000000729a00000, 0x0000000729c00000|  0%| F|  |TAMS 0x0000000729a00000| PB 0x0000000729a00000| Untracked |  0
|  45|0x0000000729c00000, 0x0000000729c00000, 0x0000000729e00000|  0%| F|  |TAMS 0x0000000729c00000| PB 0x0000000729c00000| Untracked |  0
|  46|0x0000000729e00000, 0x0000000729e00000, 0x000000072a000000|  0%| F|  |TAMS 0x0000000729e00000| PB 0x0000000729e00000| Untracked |  0
|  47|0x000000072a000000, 0x000000072a000000, 0x000000072a200000|  0%| F|  |TAMS 0x000000072a000000| PB 0x000000072a000000| Untracked |  0
|  48|0x000000072a200000, 0x000000072a200000, 0x000000072a400000|  0%| F|  |TAMS 0x000000072a200000| PB 0x000000072a200000| Untracked |  0
|  49|0x000000072a400000, 0x000000072a400000, 0x000000072a600000|  0%| F|  |TAMS 0x000000072a400000| PB 0x000000072a400000| Untracked |  0
|  50|0x000000072a600000, 0x000000072a600000, 0x000000072a800000|  0%| F|  |TAMS 0x000000072a600000| PB 0x000000072a600000| Untracked |  0
|  51|0x000000072a800000, 0x000000072a800000, 0x000000072aa00000|  0%| F|  |TAMS 0x000000072a800000| PB 0x000000072a800000| Untracked |  0
|  52|0x000000072aa00000, 0x000000072aa00000, 0x000000072ac00000|  0%| F|  |TAMS 0x000000072aa00000| PB 0x000000072aa00000| Untracked |  0
|  53|0x000000072ac00000, 0x000000072ac00000, 0x000000072ae00000|  0%| F|  |TAMS 0x000000072ac00000| PB 0x000000072ac00000| Untracked |  0
|  54|0x000000072ae00000, 0x000000072ae00000, 0x000000072b000000|  0%| F|  |TAMS 0x000000072ae00000| PB 0x000000072ae00000| Untracked |  0
|  55|0x000000072b000000, 0x000000072b000000, 0x000000072b200000|  0%| F|  |TAMS 0x000000072b000000| PB 0x000000072b000000| Untracked |  0
|  56|0x000000072b200000, 0x000000072b200000, 0x000000072b400000|  0%| F|  |TAMS 0x000000072b200000| PB 0x000000072b200000| Untracked |  0
|  57|0x000000072b400000, 0x000000072b400000, 0x000000072b600000|  0%| F|  |TAMS 0x000000072b400000| PB 0x000000072b400000| Untracked |  0
|  58|0x000000072b600000, 0x000000072b600000, 0x000000072b800000|  0%| F|  |TAMS 0x000000072b600000| PB 0x000000072b600000| Untracked |  0
|  59|0x000000072b800000, 0x000000072b800000, 0x000000072ba00000|  0%| F|  |TAMS 0x000000072b800000| PB 0x000000072b800000| Untracked |  0
|  60|0x000000072ba00000, 0x000000072ba00000, 0x000000072bc00000|  0%| F|  |TAMS 0x000000072ba00000| PB 0x000000072ba00000| Untracked |  0
|  61|0x000000072bc00000, 0x000000072bc00000, 0x000000072be00000|  0%| F|  |TAMS 0x000000072bc00000| PB 0x000000072bc00000| Untracked |  0
|  62|0x000000072be00000, 0x000000072be00000, 0x000000072c000000|  0%| F|  |TAMS 0x000000072be00000| PB 0x000000072be00000| Untracked |  0
|  63|0x000000072c000000, 0x000000072c000000, 0x000000072c200000|  0%| F|  |TAMS 0x000000072c000000| PB 0x000000072c000000| Untracked |  0
|  64|0x000000072c200000, 0x000000072c200000, 0x000000072c400000|  0%| F|  |TAMS 0x000000072c200000| PB 0x000000072c200000| Untracked |  0
|  65|0x000000072c400000, 0x000000072c400000, 0x000000072c600000|  0%| F|  |TAMS 0x000000072c400000| PB 0x000000072c400000| Untracked |  0
|  66|0x000000072c600000, 0x000000072c600000, 0x000000072c800000|  0%| F|  |TAMS 0x000000072c600000| PB 0x000000072c600000| Untracked |  0
|  67|0x000000072c800000, 0x000000072c800000, 0x000000072ca00000|  0%| F|  |TAMS 0x000000072c800000| PB 0x000000072c800000| Untracked |  0
|  68|0x000000072ca00000, 0x000000072ca00000, 0x000000072cc00000|  0%| F|  |TAMS 0x000000072ca00000| PB 0x000000072ca00000| Untracked |  0
|  69|0x000000072cc00000, 0x000000072cc00000, 0x000000072ce00000|  0%| F|  |TAMS 0x000000072cc00000| PB 0x000000072cc00000| Untracked |  0
|  70|0x000000072ce00000, 0x000000072ce00000, 0x000000072d000000|  0%| F|  |TAMS 0x000000072ce00000| PB 0x000000072ce00000| Untracked |  0
|  71|0x000000072d000000, 0x000000072d000000, 0x000000072d200000|  0%| F|  |TAMS 0x000000072d000000| PB 0x000000072d000000| Untracked |  0
|  72|0x000000072d200000, 0x000000072d200000, 0x000000072d400000|  0%| F|  |TAMS 0x000000072d200000| PB 0x000000072d200000| Untracked |  0
|  73|0x000000072d400000, 0x000000072d400000, 0x000000072d600000|  0%| F|  |TAMS 0x000000072d400000| PB 0x000000072d400000| Untracked |  0
|  74|0x000000072d600000, 0x000000072d600000, 0x000000072d800000|  0%| F|  |TAMS 0x000000072d600000| PB 0x000000072d600000| Untracked |  0
|  75|0x000000072d800000, 0x000000072d800000, 0x000000072da00000|  0%| F|  |TAMS 0x000000072d800000| PB 0x000000072d800000| Untracked |  0
|  76|0x000000072da00000, 0x000000072da00000, 0x000000072dc00000|  0%| F|  |TAMS 0x000000072da00000| PB 0x000000072da00000| Untracked |  0
|  77|0x000000072dc00000, 0x000000072dc00000, 0x000000072de00000|  0%| F|  |TAMS 0x000000072dc00000| PB 0x000000072dc00000| Untracked |  0
|  78|0x000000072de00000, 0x000000072de00000, 0x000000072e000000|  0%| F|  |TAMS 0x000000072de00000| PB 0x000000072de00000| Untracked |  0
|  79|0x000000072e000000, 0x000000072e000000, 0x000000072e200000|  0%| F|  |TAMS 0x000000072e000000| PB 0x000000072e000000| Untracked |  0
|  80|0x000000072e200000, 0x000000072e200000, 0x000000072e400000|  0%| F|  |TAMS 0x000000072e200000| PB 0x000000072e200000| Untracked |  0
|  81|0x000000072e400000, 0x000000072e400000, 0x000000072e600000|  0%| F|  |TAMS 0x000000072e400000| PB 0x000000072e400000| Untracked |  0
|  82|0x000000072e600000, 0x000000072e600000, 0x000000072e800000|  0%| F|  |TAMS 0x000000072e600000| PB 0x000000072e600000| Untracked |  0
|  83|0x000000072e800000, 0x000000072e800000, 0x000000072ea00000|  0%| F|  |TAMS 0x000000072e800000| PB 0x000000072e800000| Untracked |  0
|  84|0x000000072ea00000, 0x000000072ea00000, 0x000000072ec00000|  0%| F|  |TAMS 0x000000072ea00000| PB 0x000000072ea00000| Untracked |  0
|  85|0x000000072ec00000, 0x000000072ec00000, 0x000000072ee00000|  0%| F|  |TAMS 0x000000072ec00000| PB 0x000000072ec00000| Untracked |  0
|  86|0x000000072ee00000, 0x000000072ee00000, 0x000000072f000000|  0%| F|  |TAMS 0x000000072ee00000| PB 0x000000072ee00000| Untracked |  0
|  87|0x000000072f000000, 0x000000072f000000, 0x000000072f200000|  0%| F|  |TAMS 0x000000072f000000| PB 0x000000072f000000| Untracked |  0
|  88|0x000000072f200000, 0x000000072f200000, 0x000000072f400000|  0%| F|  |TAMS 0x000000072f200000| PB 0x000000072f200000| Untracked |  0
|  89|0x000000072f400000, 0x000000072f400000, 0x000000072f600000|  0%| F|  |TAMS 0x000000072f400000| PB 0x000000072f400000| Untracked |  0
|  90|0x000000072f600000, 0x000000072f600000, 0x000000072f800000|  0%| F|  |TAMS 0x000000072f600000| PB 0x000000072f600000| Untracked |  0
|  91|0x000000072f800000, 0x000000072f800000, 0x000000072fa00000|  0%| F|  |TAMS 0x000000072f800000| PB 0x000000072f800000| Untracked |  0
|  92|0x000000072fa00000, 0x000000072fa00000, 0x000000072fc00000|  0%| F|  |TAMS 0x000000072fa00000| PB 0x000000072fa00000| Untracked |  0
|  93|0x000000072fc00000, 0x000000072fc00000, 0x000000072fe00000|  0%| F|  |TAMS 0x000000072fc00000| PB 0x000000072fc00000| Untracked |  0
|  94|0x000000072fe00000, 0x000000072fe00000, 0x0000000730000000|  0%| F|  |TAMS 0x000000072fe00000| PB 0x000000072fe00000| Untracked |  0
|  95|0x0000000730000000, 0x0000000730000000, 0x0000000730200000|  0%| F|  |TAMS 0x0000000730000000| PB 0x0000000730000000| Untracked |  0
|  96|0x0000000730200000, 0x0000000730200000, 0x0000000730400000|  0%| F|  |TAMS 0x0000000730200000| PB 0x0000000730200000| Untracked |  0
|  97|0x0000000730400000, 0x0000000730400000, 0x0000000730600000|  0%| F|  |TAMS 0x0000000730400000| PB 0x0000000730400000| Untracked |  0
|  98|0x0000000730600000, 0x0000000730600000, 0x0000000730800000|  0%| F|  |TAMS 0x0000000730600000| PB 0x0000000730600000| Untracked |  0
|  99|0x0000000730800000, 0x0000000730800000, 0x0000000730a00000|  0%| F|  |TAMS 0x0000000730800000| PB 0x0000000730800000| Untracked |  0
| 100|0x0000000730a00000, 0x0000000730a00000, 0x0000000730c00000|  0%| F|  |TAMS 0x0000000730a00000| PB 0x0000000730a00000| Untracked |  0
| 101|0x0000000730c00000, 0x0000000730c00000, 0x0000000730e00000|  0%| F|  |TAMS 0x0000000730c00000| PB 0x0000000730c00000| Untracked |  0
| 102|0x0000000730e00000, 0x0000000730e00000, 0x0000000731000000|  0%| F|  |TAMS 0x0000000730e00000| PB 0x0000000730e00000| Untracked |  0
| 103|0x0000000731000000, 0x0000000731000000, 0x0000000731200000|  0%| F|  |TAMS 0x0000000731000000| PB 0x0000000731000000| Untracked |  0
| 104|0x0000000731200000, 0x0000000731200000, 0x0000000731400000|  0%| F|  |TAMS 0x0000000731200000| PB 0x0000000731200000| Untracked |  0
| 105|0x0000000731400000, 0x0000000731600000, 0x0000000731600000|100%| E|  |TAMS 0x0000000731400000| PB 0x0000000731400000| Complete |  0
| 106|0x0000000731600000, 0x0000000731800000, 0x0000000731800000|100%| E|CS|TAMS 0x0000000731600000| PB 0x0000000731600000| Complete |  0
| 107|0x0000000731800000, 0x0000000731a00000, 0x0000000731a00000|100%| E|CS|TAMS 0x0000000731800000| PB 0x0000000731800000| Complete |  0
| 108|0x0000000731a00000, 0x0000000731c00000, 0x0000000731c00000|100%| E|CS|TAMS 0x0000000731a00000| PB 0x0000000731a00000| Complete |  0
| 109|0x0000000731c00000, 0x0000000731e00000, 0x0000000731e00000|100%| E|CS|TAMS 0x0000000731c00000| PB 0x0000000731c00000| Complete |  0
|1758|0x00000007ffe00000, 0x00000007fff1c318, 0x0000000800000000| 55%| O|  |TAMS 0x00000007ffe00000| PB 0x00000007ffe00000| Untracked |  0

Card table byte_map: [0x00000125c3e10000,0x00000125c44f0000] _byte_map_base: 0x00000125c04ef000

Marking Bits: (CMBitMap*) 0x00000125ab959fa0
 Bits: [0x00000125c44f0000, 0x00000125c7be8000)

Polling page: 0x00000125ab0c0000

Metaspace:

Usage:
  Non-class:      6.18 MB used.
      Class:    672.53 KB used.
       Both:      6.84 MB used.

Virtual space:
  Non-class space:       64.00 MB reserved,       6.25 MB ( 10%) committed,  1 nodes.
      Class space:        1.00 GB reserved,     768.00 KB ( <1%) committed,  1 nodes.
             Both:        1.06 GB reserved,       7.00 MB ( <1%) committed. 

Chunk freelists:
   Non-Class:  9.00 MB
       Class:  15.25 MB
        Both:  24.25 MB

MaxMetaspaceSize: unlimited
CompressedClassSpaceSize: 1.00 GB
Initial GC threshold: 21.00 MB
Current GC threshold: 21.00 MB
CDS: on
 - commit_granule_bytes: 65536.
 - commit_granule_words: 8192.
 - virtual_space_node_default_size: 8388608.
 - enlarge_chunks_in_place: 1.
UseCompressedClassPointers 1, UseCompactObjectHeaders 0
Narrow klass pointer bits 32, Max shift 3
Narrow klass base: 0x00000125cb000000, Narrow klass shift: 0
Encoding Range: [0x00000125cb000000 - 0x00000126cb000000), (4294967296 bytes)
Klass Range:    [0x00000125cb000000 - 0x000001260c000000), (1090519040 bytes)
Klass ID Range:  [8 - 1090519033) (1090519025)


Internal statistics:

num_allocs_failed_limit: 0.
num_arena_births: 74.
num_arena_deaths: 0.
num_vsnodes_births: 2.
num_vsnodes_deaths: 0.
num_space_committed: 112.
num_space_uncommitted: 0.
num_chunks_returned_to_freelist: 0.
num_chunks_taken_from_freelist: 94.
num_chunk_merges: 0.
num_chunk_splits: 60.
num_chunks_enlarged: 36.
num_inconsistent_stats: 0.

CodeHeap 'non-profiled nmethods': size=120064Kb used=149Kb max_used=149Kb free=119914Kb
 bounds [0x00000125bbec0000, 0x00000125bc130000, 0x00000125c3400000]
CodeHeap 'profiled nmethods': size=120000Kb used=894Kb max_used=894Kb free=119105Kb
 bounds [0x00000125b4400000, 0x00000125b4670000, 0x00000125bb930000]
CodeHeap 'non-nmethods': size=5696Kb used=1394Kb max_used=1394Kb free=4301Kb
 bounds [0x00000125bb930000, 0x00000125bbba0000, 0x00000125bbec0000]
CodeCache: size=245760Kb, used=2437Kb, max_used=2437Kb, free=243320Kb
 total_blobs=1171, nmethods=612, adapters=464, full_count=0
Compilation: enabled, stopped_count=0, restarted_count=0

Compilation events (20 events):
Event: 0.407 Thread 0x00000125ca66df70  562       3       java.lang.invoke.DirectMethodHandle$Holder::invokeStatic (15 bytes)
Event: 0.407 Thread 0x00000125ca66df70 nmethod 562 0x00000125b44d0008 code [0x00000125b44d0140, 0x00000125b44d0680]
Event: 0.407 Thread 0x00000125ca66df70  563       3       java.lang.StringConcatHelper::simpleConcat (48 bytes)
Event: 0.408 Thread 0x00000125ca66df70 nmethod 563 0x00000125b44d0708 code [0x00000125b44d0980, 0x00000125b44d20a0]
Event: 0.408 Thread 0x00000125ca668310 nmethod 564 0x00000125bbee2b08 code [0x00000125bbee2c20, 0x00000125bbee2d78]
Event: 0.408 Thread 0x00000125ca66df70  565       3       java.util.LinkedList$ListItr::hasNext (20 bytes)
Event: 0.408 Thread 0x00000125ca66df70 nmethod 565 0x00000125b44d2108 code [0x00000125b44d2220, 0x00000125b44d2388]
Event: 0.408 Thread 0x00000125ca66df70  566       1       java.awt.Color::getRGB (5 bytes)
Event: 0.408 Thread 0x00000125ca66df70 nmethod 566 0x00000125bbee2e08 code [0x00000125bbee2f00, 0x00000125bbee2fc8]
Event: 0.411 Thread 0x00000125ca66df70  568       3       jdk.internal.classfile.impl.DirectCodeBuilder::constantPool (5 bytes)
Event: 0.411 Thread 0x00000125ca66df70 nmethod 568 0x00000125b44d2408 code [0x00000125b44d2520, 0x00000125b44d2648]
Event: 0.411 Thread 0x00000125ca66df70  569       3       java.lang.invoke.MethodHandleNatives::findMethodHandleType (7 bytes)
Event: 0.411 Thread 0x00000125ca668310  570       4       java.lang.StringLatin1::replace (197 bytes)
Event: 0.411 Thread 0x00000125ca66df70 nmethod 569 0x00000125b44d2708 code [0x00000125b44d2820, 0x00000125b44d2938]
Event: 0.411 Thread 0x00000125ca66df70  571       3       java.lang.invoke.MemberName::changeReferenceKind (46 bytes)
Event: 0.412 Thread 0x00000125ca66df70 nmethod 571 0x00000125b44d2a08 code [0x00000125b44d2b20, 0x00000125b44d2c48]
Event: 0.413 Thread 0x00000125ca66df70  572       3       java.util.concurrent.ConcurrentHashMap$BaseIterator::hasNext (13 bytes)
Event: 0.414 Thread 0x00000125ca66df70 nmethod 572 0x00000125b44d2d08 code [0x00000125b44d2e20, 0x00000125b44d2f80]
Event: 0.414 Thread 0x00000125ca66df70  573       3       java.util.concurrent.ConcurrentHashMap$ValueIterator::next (34 bytes)
Event: 0.414 Thread 0x00000125ca66df70 nmethod 573 0x00000125b44d3008 code [0x00000125b44d3140, 0x00000125b44d3428]

GC Heap History (0 events):
No events

Dll operation events (9 events):
Event: 0.010 Loaded shared library C:\Program Files\Apache NetBeans\jdk\bin\java.dll
Event: 0.041 Loaded shared library C:\Program Files\Apache NetBeans\jdk\bin\jsvml.dll
Event: 0.069 Loaded shared library C:\Program Files\Apache NetBeans\jdk\bin\jimage.dll
Event: 0.075 Loaded shared library C:\Program Files\Apache NetBeans\jdk\bin\net.dll
Event: 0.077 Loaded shared library C:\Program Files\Apache NetBeans\jdk\bin\nio.dll
Event: 0.080 Loaded shared library C:\Program Files\Apache NetBeans\jdk\bin\zip.dll
Event: 0.092 Loaded shared library C:\Program Files\Apache NetBeans\jdk\bin\awt.dll
Event: 0.306 Loaded shared library C:\Program Files\Apache NetBeans\jdk\bin\freetype.dll
Event: 0.308 Loaded shared library C:\Program Files\Apache NetBeans\jdk\bin\fontmanager.dll

Deoptimization events (0 events):
No events

Classes loaded (20 events):
Event: 0.410 Loading class java/awt/event/ActionEvent
Event: 0.410 Loading class java/awt/event/ActionEvent done
Event: 0.410 Loading class java/awt/ComponentOrientation
Event: 0.410 Loading class java/awt/ComponentOrientation done
Event: 0.410 Loading class java/awt/event/MouseEvent
Event: 0.410 Loading class java/awt/event/MouseEvent done
Event: 0.412 Loading class java/awt/Cursor
Event: 0.412 Loading class java/awt/Cursor done
Event: 0.413 Loading class java/awt/Point
Event: 0.413 Loading class java/awt/Point done
Event: 0.413 Loading class java/awt/Cursor$1
Event: 0.413 Loading class sun/awt/AWTAccessor$CursorAccessor
Event: 0.413 Loading class sun/awt/AWTAccessor$CursorAccessor done
Event: 0.413 Loading class java/awt/Cursor$1 done
Event: 0.413 Loading class java/awt/GraphicsDevice
Event: 0.414 Loading class java/awt/GraphicsDevice done
Event: 0.414 Loading class sun/java2d/d3d/D3DGraphicsDevice
Event: 0.414 Loading class sun/awt/Win32GraphicsDevice
Event: 0.414 Loading class sun/awt/Win32GraphicsDevice done
Event: 0.414 Loading class sun/java2d/d3d/D3DGraphicsDevice done

Classes unloaded (0 events):
No events

Classes redefined (0 events):
No events

Internal exceptions (20 events):
Event: 0.392 Thread 0x00000125a9532b30 Exception <a 'java/lang/ClassNotFoundException'{0x00000007314376b8}: FormattedTextField> (0x00000007314376b8) 
thrown [s\src\hotspot\share\classfile\systemDictionary.cpp, line 327]
Event: 0.393 Thread 0x00000125a9532b30 Exception <a 'java/lang/ClassNotFoundException'{0x0000000731437b10}: PasswordField> (0x0000000731437b10) 
thrown [s\src\hotspot\share\classfile\systemDictionary.cpp, line 327]
Event: 0.393 Thread 0x00000125a9532b30 Exception <a 'java/lang/ClassNotFoundException'{0x0000000731438068}: TextArea> (0x0000000731438068) 
thrown [s\src\hotspot\share\classfile\systemDictionary.cpp, line 327]
Event: 0.394 Thread 0x00000125a9532b30 Exception <a 'java/lang/ClassNotFoundException'{0x00000007314389a8}: TextPane> (0x00000007314389a8) 
thrown [s\src\hotspot\share\classfile\systemDictionary.cpp, line 327]
Event: 0.394 Thread 0x00000125a9532b30 Exception <a 'java/lang/ClassNotFoundException'{0x0000000731438e10}: EditorPane> (0x0000000731438e10) 
thrown [s\src\hotspot\share\classfile\systemDictionary.cpp, line 327]
Event: 0.394 Thread 0x00000125a9532b30 Exception <a 'java/lang/ClassNotFoundException'{0x0000000731439770}: ToolBar> (0x0000000731439770) 
thrown [s\src\hotspot\share\classfile\systemDictionary.cpp, line 327]
Event: 0.394 Thread 0x00000125a9532b30 Exception <a 'java/lang/ClassNotFoundException'{0x0000000731439c68}: ToolBar> (0x0000000731439c68) 
thrown [s\src\hotspot\share\classfile\systemDictionary.cpp, line 327]
Event: 0.394 Thread 0x00000125a9532b30 Exception <a 'java/lang/ClassNotFoundException'{0x0000000731439fc8}: Button> (0x0000000731439fc8) 
thrown [s\src\hotspot\share\classfile\systemDictionary.cpp, line 327]
Event: 0.394 Thread 0x00000125a9532b30 Exception <a 'java/lang/ClassNotFoundException'{0x000000073143a490}: ToolBar> (0x000000073143a490) 
thrown [s\src\hotspot\share\classfile\systemDictionary.cpp, line 327]
Event: 0.394 Thread 0x00000125a9532b30 Exception <a 'java/lang/ClassNotFoundException'{0x000000073143a800}: ToggleButton> (0x000000073143a800) 
thrown [s\src\hotspot\share\classfile\systemDictionary.cpp, line 327]
Event: 0.394 Thread 0x00000125a9532b30 Exception <a 'java/lang/ClassNotFoundException'{0x000000073143ac40}: javax/swing/JToolBarSeparator> (0x000000073143ac40) 
thrown [s\src\hotspot\share\classfile\systemDictionary.cpp, line 327]
Event: 0.394 Thread 0x00000125a9532b30 Exception <a 'java/lang/ClassNotFoundException'{0x000000073143af50}: ToolBarSeparator> (0x000000073143af50) 
thrown [s\src\hotspot\share\classfile\systemDictionary.cpp, line 327]
Event: 0.394 Thread 0x00000125a9532b30 Exception <a 'java/lang/ClassNotFoundException'{0x000000073143b468}: ToolTip> (0x000000073143b468) 
thrown [s\src\hotspot\share\classfile\systemDictionary.cpp, line 327]
Event: 0.396 Thread 0x00000125a9532b30 Exception <a 'java/lang/ClassNotFoundException'{0x000000073143bdb8}: Tree> (0x000000073143bdb8) 
thrown [s\src\hotspot\share\classfile\systemDictionary.cpp, line 327]
Event: 0.396 Thread 0x00000125a9532b30 Exception <a 'java/lang/ClassNotFoundException'{0x000000073143c2b0}: Tree> (0x000000073143c2b0) 
thrown [s\src\hotspot\share\classfile\systemDictionary.cpp, line 327]
Event: 0.396 Thread 0x00000125a9532b30 Exception <a 'java/lang/ClassNotFoundException'{0x000000073143c620}: javax/swing/JTreeCell> (0x000000073143c620) 
thrown [s\src\hotspot\share\classfile\systemDictionary.cpp, line 327]
Event: 0.396 Thread 0x00000125a9532b30 Exception <a 'java/lang/ClassNotFoundException'{0x000000073143c928}: TreeCell> (0x000000073143c928) 
thrown [s\src\hotspot\share\classfile\systemDictionary.cpp, line 327]
Event: 0.396 Thread 0x00000125a9532b30 Exception <a 'java/lang/ClassNotFoundException'{0x000000073143d0c0}: RootPane> (0x000000073143d0c0) 
thrown [s\src\hotspot\share\classfile\systemDictionary.cpp, line 327]
Event: 0.398 Thread 0x00000125a9532b30 Exception <a 'java/lang/ClassNotFoundException'{0x000000073143fe30}: com/sun/swing/internal/plaf/metal/resources/spi/metalProvider> (0x000000073143fe30) 
thrown [s\src\hotspot\share\classfile\systemDictionary.cpp, line 327]
Event: 0.399 Thread 0x00000125a9532b30 Exception <a 'java/lang/ClassNotFoundException'{0x0000000731444590}: com/sun/swing/internal/plaf/basic/resources/spi/basicProvider> (0x0000000731444590) 
thrown [s\src\hotspot\share\classfile\systemDictionary.cpp, line 327]

VM Operations (4 events):
Event: 0.300 Executing VM operation: HandshakeAllThreads (Deoptimize)
Event: 0.300 Executing VM operation: HandshakeAllThreads (Deoptimize) done
Event: 0.398 Executing VM operation: HandshakeAllThreads (Deoptimize)
Event: 0.398 Executing VM operation: HandshakeAllThreads (Deoptimize) done

Memory protections (0 events):
No events

Nmethod flushes (0 events):
No events

Events (17 events):
Event: 0.027 Thread 0x00000125a9532b30 Thread added: 0x00000125a9532b30
Event: 0.039 Thread 0x00000125a9532b30 Thread added: 0x00000125ca64ab70
Event: 0.039 Thread 0x00000125a9532b30 Thread added: 0x00000125ca64b4b0
Event: 0.039 Thread 0x00000125a9532b30 Thread added: 0x00000125ca64d730
Event: 0.039 Thread 0x00000125a9532b30 Thread added: 0x00000125ca651310
Event: 0.040 Thread 0x00000125a9532b30 Thread added: 0x00000125ca6565d0
Event: 0.040 Thread 0x00000125a9532b30 Thread added: 0x00000125ca65f890
Event: 0.040 Thread 0x00000125a9532b30 Thread added: 0x00000125ca668310
Event: 0.040 Thread 0x00000125a9532b30 Thread added: 0x00000125ca66df70
Event: 0.045 Thread 0x00000125a9532b30 Thread added: 0x00000125ca7175a0
Event: 0.047 Thread 0x00000125a9532b30 Thread added: 0x00000125ca7184f0
Event: 0.139 Thread 0x00000125a9532b30 Thread added: 0x00000125caa7d760
Event: 0.140 Thread 0x00000125a9532b30 Thread added: 0x00000125caa7df70
Event: 0.140 Thread 0x00000125a9532b30 Thread added: 0x00000126102af260
Event: 0.409 Thread 0x00000125a9532b30 Thread added: 0x00000126104237f0
Event: 0.409 Thread 0x00000125a9532b30 Thread exited: 0x00000125a9532b30
Event: 0.409 Thread 0x00000125a9532b30 Thread added: 0x00000125a9532b30


Dynamic libraries:
0x00007ff721760000 - 0x00007ff72176e000 	C:\Program Files\Apache NetBeans\jdk\bin\java.exe
0x00007ff88f240000 - 0x00007ff88f4a7000 	C:\WINDOWS\SYSTEM32\ntdll.dll
0x00007ff88d9d0000 - 0x00007ff88da99000 	C:\WINDOWS\System32\KERNEL32.DLL
0x00007ff88c8d0000 - 0x00007ff88ccc0000 	C:\WINDOWS\System32\KERNELBASE.dll
0x00007ff88c6c0000 - 0x00007ff88c80b000 	C:\WINDOWS\System32\ucrtbase.dll
0x00007ff866bf0000 - 0x00007ff866c06000 	C:\Program Files\Apache NetBeans\jdk\bin\jli.dll
0x00007ff87ca70000 - 0x00007ff87ca8e000 	C:\Program Files\Apache NetBeans\jdk\bin\VCRUNTIME140.dll
0x00007ff88d0d0000 - 0x00007ff88d295000 	C:\WINDOWS\System32\USER32.dll
0x00007ff88b5b0000 - 0x00007ff88b84a000 	C:\WINDOWS\WinSxS\amd64_microsoft.windows.common-controls_6595b64144ccf1df_6.0.26100.4768_none_3e0c112ce331287c\COMCTL32.dll
0x00007ff88c560000 - 0x00007ff88c587000 	C:\WINDOWS\System32\win32u.dll
0x00007ff88e9d0000 - 0x00007ff88ea79000 	C:\WINDOWS\System32\msvcrt.dll
0x00007ff88d8e0000 - 0x00007ff88d90b000 	C:\WINDOWS\System32\GDI32.dll
0x00007ff88c370000 - 0x00007ff88c4a8000 	C:\WINDOWS\System32\gdi32full.dll
0x00007ff88c4b0000 - 0x00007ff88c553000 	C:\WINDOWS\System32\msvcp_win.dll
0x00007ff88d330000 - 0x00007ff88d35f000 	C:\WINDOWS\System32\IMM32.DLL
0x00007ff87ca30000 - 0x00007ff87ca3c000 	C:\Program Files\Apache NetBeans\jdk\bin\vcruntime140_1.dll
0x00007ff86ce80000 - 0x00007ff86cf0d000 	C:\Program Files\Apache NetBeans\jdk\bin\msvcp140.dll
0x00007ff808950000 - 0x00007ff8097cc000 	C:\Program Files\Apache NetBeans\jdk\bin\server\jvm.dll
0x00007ff88d910000 - 0x00007ff88d9c4000 	C:\WINDOWS\System32\ADVAPI32.dll
0x00007ff88cfd0000 - 0x00007ff88d076000 	C:\WINDOWS\System32\sechost.dll
0x00007ff88e040000 - 0x00007ff88e158000 	C:\WINDOWS\System32\RPCRT4.dll
0x00007ff88e3c0000 - 0x00007ff88e434000 	C:\WINDOWS\System32\WS2_32.dll
0x00007ff88c120000 - 0x00007ff88c17e000 	C:\WINDOWS\SYSTEM32\POWRPROF.dll
0x00007ff880c20000 - 0x00007ff880c55000 	C:\WINDOWS\SYSTEM32\WINMM.dll
0x00007ff877910000 - 0x00007ff87791b000 	C:\WINDOWS\SYSTEM32\VERSION.dll
0x00007ff88c010000 - 0x00007ff88c024000 	C:\WINDOWS\SYSTEM32\UMPDC.dll
0x00007ff88a770000 - 0x00007ff88a78b000 	C:\WINDOWS\SYSTEM32\kernel.appcore.dll
0x00007ff878c20000 - 0x00007ff878c2a000 	C:\Program Files\Apache NetBeans\jdk\bin\jimage.dll
0x00007ff88bb50000 - 0x00007ff88bd91000 	C:\WINDOWS\SYSTEM32\DBGHELP.DLL
0x00007ff88dbb0000 - 0x00007ff88df35000 	C:\WINDOWS\System32\combase.dll
0x00007ff88e160000 - 0x00007ff88e240000 	C:\WINDOWS\System32\OLEAUT32.dll
0x00007ff88ba10000 - 0x00007ff88ba53000 	C:\WINDOWS\SYSTEM32\dbgcore.DLL
0x00007ff88c620000 - 0x00007ff88c6b9000 	C:\WINDOWS\System32\bcryptPrimitives.dll
0x00007ff86fde0000 - 0x00007ff86fdfe000 	C:\Program Files\Apache NetBeans\jdk\bin\java.dll
0x00007ff88d610000 - 0x00007ff88d7b0000 	C:\WINDOWS\System32\ole32.dll
0x00007ff88ea80000 - 0x00007ff88f1cd000 	C:\WINDOWS\System32\SHELL32.dll
0x00007ff88ce50000 - 0x00007ff88cfc3000 	C:\WINDOWS\System32\wintypes.dll
0x00007ff8894a0000 - 0x00007ff889d00000 	C:\WINDOWS\SYSTEM32\windows.storage.dll
0x00007ff88e8d0000 - 0x00007ff88e9c5000 	C:\WINDOWS\System32\SHCORE.dll
0x00007ff88d7c0000 - 0x00007ff88d82a000 	C:\WINDOWS\System32\shlwapi.dll
0x00007ff88c290000 - 0x00007ff88c2b9000 	C:\WINDOWS\SYSTEM32\profapi.dll
0x00007ff84ec10000 - 0x00007ff84ece7000 	C:\Program Files\Apache NetBeans\jdk\bin\jsvml.dll
0x00007ff86b410000 - 0x00007ff86b420000 	C:\Program Files\Apache NetBeans\jdk\bin\net.dll
0x00007ff88aca0000 - 0x00007ff88ad0b000 	C:\WINDOWS\system32\mswsock.dll
0x00007ff861950000 - 0x00007ff861966000 	C:\Program Files\Apache NetBeans\jdk\bin\nio.dll
0x00007ff8663e0000 - 0x00007ff8663f7000 	C:\Program Files\Apache NetBeans\jdk\bin\zip.dll
0x00007ff841070000 - 0x00007ff8411ee000 	C:\Program Files\Apache NetBeans\jdk\bin\awt.dll
0x00007ff8878a0000 - 0x00007ff88793e000 	C:\WINDOWS\SYSTEM32\apphelp.dll
0x00007ff8879b0000 - 0x00007ff887a5f000 	C:\WINDOWS\system32\uxtheme.dll
0x00007ff88e250000 - 0x00007ff88e3b1000 	C:\WINDOWS\System32\MSCTF.dll
0x00007ff8889b0000 - 0x00007ff8889e5000 	C:\WINDOWS\system32\DWMAPI.DLL
0x00007ff845a30000 - 0x00007ff845ab7000 	C:\Program Files\Apache NetBeans\jdk\bin\freetype.dll
0x00007ff845830000 - 0x00007ff845919000 	C:\Program Files\Apache NetBeans\jdk\bin\fontmanager.dll
0x00007ff854a10000 - 0x00007ff854b28000 	C:\WINDOWS\system32\opengl32.dll
0x00007ff844540000 - 0x00007ff84456d000 	C:\WINDOWS\SYSTEM32\GLU32.dll
0x00007ff8884d0000 - 0x00007ff88851d000 	C:\WINDOWS\SYSTEM32\dxcore.dll

JVMTI agents: none

dbghelp: loaded successfully - version: 4.0.5 - missing functions: none
symbol engine: initialized successfully - sym options: 0x614 - pdb path: .;C:\Program Files\Apache NetBeans\jdk\bin;C:\WINDOWS\SYSTEM32;C:\WINDOWS\WinSxS\amd64_microsoft.windows.common-controls_6595b64144ccf1df_6.0.26100.4768_none_3e0c112ce331287c;C:\Program Files\Apache NetBeans\jdk\bin\server

VM Arguments:
java_command: Interfaz.Login
java_class_path (initial): C:\Users\USUARIO\Documents\NetBeansProjects\Hotel\target\classes;C:\Users\USUARIO\.m2\repository\org\netbeans\external\AbsoluteLayout\RELEASE270\AbsoluteLayout-RELEASE270.jar
Launcher Type: SUN_STANDARD

[Global flags]
     intx CICompilerCount                          = 4                                         {product} {ergonomic}
     uint ConcGCThreads                            = 2                                         {product} {ergonomic}
     uint G1ConcRefinementThreads                  = 8                                         {product} {ergonomic}
   size_t G1HeapRegionSize                         = 2097152                                   {product} {ergonomic}
   size_t InitialHeapSize                          = 230686720                                 {product} {ergonomic}
   size_t MarkStackSize                            = 4194304                                   {product} {ergonomic}
   size_t MarkStackSizeMax                         = 536870912                                 {product} {ergonomic}
   size_t MaxHeapSize                              = 3688890368                                {product} {ergonomic}
   size_t MaxNewSize                               = 2212495360                                {product} {ergonomic}
   size_t MinHeapDeltaBytes                        = 2097152                                   {product} {ergonomic}
   size_t MinHeapSize                              = 8388608                                   {product} {ergonomic}
    uintx NonNMethodCodeHeapSize                   = 5832704                                {pd product} {ergonomic}
    uintx NonProfiledCodeHeapSize                  = 122945536                              {pd product} {ergonomic}
    uintx ProfiledCodeHeapSize                     = 122880000                              {pd product} {ergonomic}
    uintx ReservedCodeCacheSize                    = 251658240                              {pd product} {ergonomic}
     bool SegmentedCodeCache                       = true                                      {product} {ergonomic}
   size_t SoftMaxHeapSize                          = 3688890368                             {manageable} {ergonomic}
     bool UseCompressedOops                        = true                           {product lp64_product} {ergonomic}
     bool UseG1GC                                  = true                                      {product} {ergonomic}
     bool UseLargePagesIndividualAllocation        = false                                  {pd product} {ergonomic}

Logging:
Log output configuration:
 #0: stdout all=warning uptime,level,tags foldmultilines=false
 #1: stderr all=off uptime,level,tags foldmultilines=false

Environment Variables:
JAVA_HOME=C:\Program Files\Apache NetBeans\jdk
PATH=C:\Program Files\Common Files\Oracle\Java\javapath;C:\WINDOWS\system32;C:\WINDOWS;C:\WINDOWS\System32\Wbem;C:\WINDOWS\System32\WindowsPowerShell\v1.0\;C:\WINDOWS\System32\OpenSSH\;C:\Program Files\dotnet\;C:\Program Files\Git\cmd;C:\Users\USUARIO\AppData\Local\Programs\Python\Python313\Scripts\;C:\Users\USUARIO\AppData\Local\Programs\Python\Python313\;C:\Users\USUARIO\AppData\Local\Programs\Python\Launcher\;C:\Users\USUARIO\AppData\Local\Microsoft\WindowsApps;C:\Users\USUARIO\AppData\Local\Programs\Microsoft VS Code\bin
USERNAME=USUARIO
OS=Windows_NT
PROCESSOR_IDENTIFIER=AMD64 Family 23 Model 160 Stepping 0, AuthenticAMD
TMP=C:\Users\USUARIO\AppData\Local\Temp
TEMP=C:\Users\USUARIO\AppData\Local\Temp




Periodic native trim disabled

---------------  S Y S T E M  ---------------

OS:
 Windows 11 , 64 bit Build 26100 (10.0.26100.4768)
OS uptime: 2 days 5:33 hours
Hyper-V role detected

CPU: total 8 (initial active 8) (8 cores per cpu, 2 threads per core) family 23 model 160 stepping 0 microcode 0x8a00006, cx8, cmov, fxsr, ht, mmx, 3dnowpref, sse, sse2, sse3, ssse3, sse4a, sse4.1, sse4.2, popcnt, lzcnt, tsc, tscinvbit, avx, avx2, aes, clmul, bmi1, bmi2, adx, sha, fma, vzeroupper, clflush, clflushopt, hv, rdtscp, rdpid, f16c
Processor Information for the first 8 processors :
  Max Mhz: 2401, Current Mhz: 2401, Mhz Limit: 2401

Memory: 4k page, system-wide physical 14069M (1330M free)
TotalPageFile size 25883M (AvailPageFile size 5M)
current process WorkingSet (physical memory assigned to process): 66M, peak: 66M
current process commit charge ("private bytes"): 321M, peak: 323M

vm_info: OpenJDK 64-Bit Server VM (24.0.2+12) for windows-amd64 JRE (24.0.2+12) (Zulu24.32+13-CA), built on 2025-07-11T12:45:44Z with MS VC++ 17.1 (VS2022)

END.
