#
# There is insufficient memory for the Java Runtime Environment to continue.
# Native memory allocation (malloc) failed to allocate 20496336 bytes. Error detail: Chunk::new
# Possible reasons:
#   The system is out of physical RAM or swap space
#   This process is running with CompressedOops enabled, and the Java Heap may be blocking the growth of the native heap
# Possible solutions:
#   Reduce memory load on the system
#   Increase physical memory or swap space
#   Check if swap backing store is full
#   Decrease Java heap size (-Xmx/-Xms)
#   Decrease number of Java threads
#   Decrease Java thread stack sizes (-Xss)
#   Set larger code cache with -XX:ReservedCodeCacheSize=
#   JVM is running with Zero Based Compressed Oops mode in which the Java heap is
#     placed in the first 32GB address space. The Java Heap base address is the
#     maximum limit for the native heap growth. Please use -XX:HeapBaseMinAddress
#     to set the Java Heap base and to place the Java Heap above 32GB virtual address.
# This output file may be truncated or incomplete.
#
#  Out of Memory Error (arena.cpp:162), pid=49832, tid=46672
#
# JRE version: OpenJDK Runtime Environment Zulu24.32+13-CA (24.0.2+12) (build 24.0.2+12)
# Java VM: OpenJDK 64-Bit Server VM Zulu24.32+13-CA (24.0.2+12, mixed mode, sharing, tiered, compressed oops, compressed class ptrs, g1 gc, windows-amd64)
# No core dump will be written. Minidumps are not enabled by default on client versions of Windows
#

---------------  S U M M A R Y ------------

Command Line: --enable-native-access=ALL-UNNAMED -Dclassworlds.conf=C:\Program Files\Apache NetBeans\java\maven\bin\m2.conf -Dmaven.home=C:\Program Files\Apache NetBeans\java\maven -Dlibrary.jansi.path=C:\Program Files\Apache NetBeans\java\maven\lib\jansi-native -Dmaven.multiModuleProjectDirectory=C:\Users\USUARIO\Documents\NetBeansProjects\Hotel org.codehaus.plexus.classworlds.launcher.Launcher -Dexec.vmArgs= -Dexec.args=${exec.vmArgs} -classpath %classpath ${exec.mainClass} ${exec.appArgs} -Dexec.executable=C:\Program Files\Apache NetBeans\jdk\bin\java.exe -Dexec.mainClass=Interfaz.Login -Dexec.classpathScope=runtime -Dexec.appArgs= -Dmaven.ext.class.path=C:\Program Files\Apache NetBeans\java\maven-nblib\netbeans-eventspy.jar --no-transfer-progress process-classes org.codehaus.mojo:exec-maven-plugin:3.1.0:exec

Host: AMD Ryzen 3 7320U with Radeon Graphics         , 8 cores, 13G,  Windows 11 , 64 bit Build 26100 (10.0.26100.4768)
Time: Sun Aug 31 16:41:25 2025 Hora est. Pacífico, Sudamérica elapsed time: 5.299635 seconds (0d 0h 0m 5s)

---------------  T H R E A D  ---------------

Current thread (0x000001ab673cc550):  JavaThread "C2 CompilerThread1" daemon [_thread_in_native, id=46672, stack(0x0000006d21100000,0x0000006d21200000) (1024K)]


Current CompileTask:
C2:5299 4027       4       java.lang.invoke.MethodType::makeImpl (155 bytes)

Stack: [0x0000006d21100000,0x0000006d21200000]
Native frames: (J=compiled Java code, j=interpreted, Vv=VM code, C=native code)
V  [jvm.dll+0x741329]  (no source info available)
V  [jvm.dll+0x97e243]  (no source info available)
V  [jvm.dll+0x98056d]  (no source info available)
V  [jvm.dll+0x980be3]  (no source info available)
V  [jvm.dll+0x2b5a76]  (no source info available)
V  [jvm.dll+0xd00af]  (no source info available)
V  [jvm.dll+0xd030f]  (no source info available)
V  [jvm.dll+0x15b85f]  (no source info available)
V  [jvm.dll+0x746bef]  (no source info available)
V  [jvm.dll+0x27a478]  (no source info available)
V  [jvm.dll+0x279591]  (no source info available)
V  [jvm.dll+0x1f30fa]  (no source info available)
V  [jvm.dll+0x288d95]  (no source info available)
V  [jvm.dll+0x28702a]  (no source info available)
V  [jvm.dll+0x43e016]  (no source info available)
V  [jvm.dll+0x920c78]  (no source info available)
V  [jvm.dll+0x73fab5]  (no source info available)
C  [ucrtbase.dll+0x37b0]  (no source info available)
C  [KERNEL32.DLL+0x2e8d7]  (no source info available)
C  [ntdll.dll+0x3c34c]  (no source info available)

Lock stack of current Java thread (top to bottom):


---------------  P R O C E S S  ---------------

Threads class SMR info:
_java_thread_list=0x000001ab67766970, length=15, elements={
0x000001ab7fbf9c50, 0x000001ab204be7b0, 0x000001ab204beff0, 0x000001ab204c57e0,
0x000001ab204c66c0, 0x000001ab204ca4f0, 0x000001ab204cbd70, 0x000001ab204d5640,
0x000001ab204d3630, 0x000001ab20634850, 0x000001ab20648400, 0x000001ab673cc550,
0x000001ab67764050, 0x000001ab671333c0, 0x000001ab673aab10
}

Java Threads: ( => current thread )
  0x000001ab7fbf9c50 JavaThread "main"                              [_thread_in_native, id=50304, stack(0x0000006d1fb00000,0x0000006d1fc00000) (1024K)]
  0x000001ab204be7b0 JavaThread "Reference Handler"          daemon [_thread_blocked, id=47736, stack(0x0000006d20300000,0x0000006d20400000) (1024K)]
  0x000001ab204beff0 JavaThread "Finalizer"                  daemon [_thread_blocked, id=48384, stack(0x0000006d20400000,0x0000006d20500000) (1024K)]
  0x000001ab204c57e0 JavaThread "Signal Dispatcher"          daemon [_thread_blocked, id=49640, stack(0x0000006d20500000,0x0000006d20600000) (1024K)]
  0x000001ab204c66c0 JavaThread "Attach Listener"            daemon [_thread_blocked, id=6276, stack(0x0000006d20600000,0x0000006d20700000) (1024K)]
  0x000001ab204ca4f0 JavaThread "Service Thread"             daemon [_thread_blocked, id=60676, stack(0x0000006d20700000,0x0000006d20800000) (1024K)]
  0x000001ab204cbd70 JavaThread "Monitor Deflation Thread"   daemon [_thread_blocked, id=61184, stack(0x0000006d20800000,0x0000006d20900000) (1024K)]
  0x000001ab204d5640 JavaThread "C2 CompilerThread0"         daemon [_thread_blocked, id=27276, stack(0x0000006d20900000,0x0000006d20a00000) (1024K)]
  0x000001ab204d3630 JavaThread "C1 CompilerThread0"         daemon [_thread_blocked, id=55028, stack(0x0000006d20a00000,0x0000006d20b00000) (1024K)]
  0x000001ab20634850 JavaThread "Notification Thread"        daemon [_thread_blocked, id=60796, stack(0x0000006d20b00000,0x0000006d20c00000) (1024K)]
  0x000001ab20648400 JavaThread "Common-Cleaner"             daemon [_thread_blocked, id=60596, stack(0x0000006d20c00000,0x0000006d20d00000) (1024K)]
=>0x000001ab673cc550 JavaThread "C2 CompilerThread1"         daemon [_thread_in_native, id=46672, stack(0x0000006d21100000,0x0000006d21200000) (1024K)]
  0x000001ab67764050 JavaThread "Exec Stream Pumper"         daemon [_thread_in_native, id=59108, stack(0x0000006d21200000,0x0000006d21300000) (1024K)]
  0x000001ab671333c0 JavaThread "Exec Stream Pumper"         daemon [_thread_in_native, id=54356, stack(0x0000006d21300000,0x0000006d21400000) (1024K)]
  0x000001ab673aab10 JavaThread "Exec Input Stream Pumper"   daemon [_thread_blocked, id=57380, stack(0x0000006d21400000,0x0000006d21500000) (1024K)]
Total: 15

Other Threads:
  0x000001ab204b05b0 VMThread "VM Thread"                           [id=56568, stack(0x0000006d20200000,0x0000006d20300000) (1024K)]
  0x000001ab2037cb20 WatcherThread "VM Periodic Task Thread"        [id=47200, stack(0x0000006d20100000,0x0000006d20200000) (1024K)]
  0x000001ab7fc5cce0 WorkerThread "GC Thread#0"                     [id=61196, stack(0x0000006d1fc00000,0x0000006d1fd00000) (1024K)]
  0x000001ab667b77b0 WorkerThread "GC Thread#1"                     [id=60192, stack(0x0000006d20d00000,0x0000006d20e00000) (1024K)]
  0x000001ab667b7b60 WorkerThread "GC Thread#2"                     [id=55792, stack(0x0000006d20e00000,0x0000006d20f00000) (1024K)]
  0x000001ab668e7a20 WorkerThread "GC Thread#3"                     [id=59668, stack(0x0000006d20f00000,0x0000006d21000000) (1024K)]
  0x000001ab668e7dd0 WorkerThread "GC Thread#4"                     [id=59268, stack(0x0000006d21000000,0x0000006d21100000) (1024K)]
  0x000001ab7fc6ef00 ConcurrentGCThread "G1 Main Marker"            [id=61032, stack(0x0000006d1fd00000,0x0000006d1fe00000) (1024K)]
  0x000001ab7fc71820 WorkerThread "G1 Conc#0"                       [id=60868, stack(0x0000006d1fe00000,0x0000006d1ff00000) (1024K)]
  0x000001ab2036e540 ConcurrentGCThread "G1 Refine#0"               [id=11140, stack(0x0000006d1ff00000,0x0000006d20000000) (1024K)]
  0x000001ab2036ed70 ConcurrentGCThread "G1 Service"                [id=7428, stack(0x0000006d20000000,0x0000006d20100000) (1024K)]
Total: 11

Threads with active compile tasks:
C2 CompilerThread1  5351 4027       4       java.lang.invoke.MethodType::makeImpl (155 bytes)
Total: 1

VM state: not at safepoint (normal execution)

VM Mutex/Monitor currently owned by a thread: None

Heap address: 0x0000000724200000, size: 3518 MB, Compressed Oops mode: Zero based, Oop shift amount: 3

CDS archive(s) mapped at: [0x000001ab21000000-0x000001ab21d40000-0x000001ab21d40000), size 13893632, SharedBaseAddress: 0x000001ab21000000, ArchiveRelocationMode: 1.
Compressed class space mapped at: 0x000001ab22000000-0x000001ab62000000, reserved size: 1073741824
UseCompressedClassPointers 1, UseCompactObjectHeaders 0
Narrow klass pointer bits 32, Max shift 3
Narrow klass base: 0x000001ab21000000, Narrow klass shift: 0
Encoding Range: [0x000001ab21000000 - 0x000001ac21000000), (4294967296 bytes)
Klass Range:    [0x000001ab21000000 - 0x000001ab62000000), (1090519040 bytes)
Klass ID Range:  [8 - 1090519033) (1090519025)

GC Precious Log:
 CardTable entry size: 512
 Card Set container configuration: InlinePtr #cards 4 size 8 Array Of Cards #cards 16 size 48 Howl #buckets 8 coarsen threshold 3686 Howl Bitmap #cards 512 size 80 coarsen threshold 460 Card regions per heap region 1 cards per card region 4096
 CPUs: 8 total, 8 available
 Memory: 14069M
 Large Page Support: Disabled
 NUMA Support: Disabled
 Compressed Oops: Enabled (Zero based)
 Heap Region Size: 2M
 Heap Min Capacity: 8M
 Heap Initial Capacity: 220M
 Heap Max Capacity: 3518M
 Pre-touch: Disabled
 Parallel Workers: 8
 Concurrent Workers: 2
 Concurrent Refinement Workers: 8
 Periodic GC: Disabled

Heap:
 garbage-first heap   total reserved 3602432K, committed 227328K, used 75376K [0x0000000724200000, 0x0000000800000000)
  region size 2048K, 38 young (77824K), 3 survivors (6144K)
 Metaspace       used 17845K, committed 18176K, reserved 1114112K
  class space    used 1752K, committed 1920K, reserved 1048576K

Heap Regions: E=young(eden), S=young(survivor), O=old, HS=humongous(starts), HC=humongous(continues), CS=collection set, F=free, TAMS=top-at-mark-start, PB=parsable bottom
|   0|0x0000000724200000, 0x0000000724200000, 0x0000000724400000|  0%| F|  |TAMS 0x0000000724200000| PB 0x0000000724200000| Untracked |  0
|   1|0x0000000724400000, 0x0000000724400000, 0x0000000724600000|  0%| F|  |TAMS 0x0000000724400000| PB 0x0000000724400000| Untracked |  0
|   2|0x0000000724600000, 0x0000000724600000, 0x0000000724800000|  0%| F|  |TAMS 0x0000000724600000| PB 0x0000000724600000| Untracked |  0
|   3|0x0000000724800000, 0x0000000724800000, 0x0000000724a00000|  0%| F|  |TAMS 0x0000000724800000| PB 0x0000000724800000| Untracked |  0
|   4|0x0000000724a00000, 0x0000000724a00000, 0x0000000724c00000|  0%| F|  |TAMS 0x0000000724a00000| PB 0x0000000724a00000| Untracked |  0
|   5|0x0000000724c00000, 0x0000000724c00000, 0x0000000724e00000|  0%| F|  |TAMS 0x0000000724c00000| PB 0x0000000724c00000| Untracked |  0
|   6|0x0000000724e00000, 0x0000000724e00000, 0x0000000725000000|  0%| F|  |TAMS 0x0000000724e00000| PB 0x0000000724e00000| Untracked |  0
|   7|0x0000000725000000, 0x0000000725000000, 0x0000000725200000|  0%| F|  |TAMS 0x0000000725000000| PB 0x0000000725000000| Untracked |  0
|   8|0x0000000725200000, 0x0000000725200000, 0x0000000725400000|  0%| F|  |TAMS 0x0000000725200000| PB 0x0000000725200000| Untracked |  0
|   9|0x0000000725400000, 0x0000000725400000, 0x0000000725600000|  0%| F|  |TAMS 0x0000000725400000| PB 0x0000000725400000| Untracked |  0
|  10|0x0000000725600000, 0x0000000725600000, 0x0000000725800000|  0%| F|  |TAMS 0x0000000725600000| PB 0x0000000725600000| Untracked |  0
|  11|0x0000000725800000, 0x0000000725800000, 0x0000000725a00000|  0%| F|  |TAMS 0x0000000725800000| PB 0x0000000725800000| Untracked |  0
|  12|0x0000000725a00000, 0x0000000725a00000, 0x0000000725c00000|  0%| F|  |TAMS 0x0000000725a00000| PB 0x0000000725a00000| Untracked |  0
|  13|0x0000000725c00000, 0x0000000725c00000, 0x0000000725e00000|  0%| F|  |TAMS 0x0000000725c00000| PB 0x0000000725c00000| Untracked |  0
|  14|0x0000000725e00000, 0x0000000725e00000, 0x0000000726000000|  0%| F|  |TAMS 0x0000000725e00000| PB 0x0000000725e00000| Untracked |  0
|  15|0x0000000726000000, 0x0000000726000000, 0x0000000726200000|  0%| F|  |TAMS 0x0000000726000000| PB 0x0000000726000000| Untracked |  0
|  16|0x0000000726200000, 0x0000000726200000, 0x0000000726400000|  0%| F|  |TAMS 0x0000000726200000| PB 0x0000000726200000| Untracked |  0
|  17|0x0000000726400000, 0x0000000726400000, 0x0000000726600000|  0%| F|  |TAMS 0x0000000726400000| PB 0x0000000726400000| Untracked |  0
|  18|0x0000000726600000, 0x0000000726600000, 0x0000000726800000|  0%| F|  |TAMS 0x0000000726600000| PB 0x0000000726600000| Untracked |  0
|  19|0x0000000726800000, 0x0000000726800000, 0x0000000726a00000|  0%| F|  |TAMS 0x0000000726800000| PB 0x0000000726800000| Untracked |  0
|  20|0x0000000726a00000, 0x0000000726a00000, 0x0000000726c00000|  0%| F|  |TAMS 0x0000000726a00000| PB 0x0000000726a00000| Untracked |  0
|  21|0x0000000726c00000, 0x0000000726c00000, 0x0000000726e00000|  0%| F|  |TAMS 0x0000000726c00000| PB 0x0000000726c00000| Untracked |  0
|  22|0x0000000726e00000, 0x0000000726e00000, 0x0000000727000000|  0%| F|  |TAMS 0x0000000726e00000| PB 0x0000000726e00000| Untracked |  0
|  23|0x0000000727000000, 0x0000000727000000, 0x0000000727200000|  0%| F|  |TAMS 0x0000000727000000| PB 0x0000000727000000| Untracked |  0
|  24|0x0000000727200000, 0x0000000727200000, 0x0000000727400000|  0%| F|  |TAMS 0x0000000727200000| PB 0x0000000727200000| Untracked |  0
|  25|0x0000000727400000, 0x0000000727400000, 0x0000000727600000|  0%| F|  |TAMS 0x0000000727400000| PB 0x0000000727400000| Untracked |  0
|  26|0x0000000727600000, 0x0000000727600000, 0x0000000727800000|  0%| F|  |TAMS 0x0000000727600000| PB 0x0000000727600000| Untracked |  0
|  27|0x0000000727800000, 0x0000000727800000, 0x0000000727a00000|  0%| F|  |TAMS 0x0000000727800000| PB 0x0000000727800000| Untracked |  0
|  28|0x0000000727a00000, 0x0000000727a00000, 0x0000000727c00000|  0%| F|  |TAMS 0x0000000727a00000| PB 0x0000000727a00000| Untracked |  0
|  29|0x0000000727c00000, 0x0000000727c00000, 0x0000000727e00000|  0%| F|  |TAMS 0x0000000727c00000| PB 0x0000000727c00000| Untracked |  0
|  30|0x0000000727e00000, 0x0000000727e00000, 0x0000000728000000|  0%| F|  |TAMS 0x0000000727e00000| PB 0x0000000727e00000| Untracked |  0
|  31|0x0000000728000000, 0x0000000728000000, 0x0000000728200000|  0%| F|  |TAMS 0x0000000728000000| PB 0x0000000728000000| Untracked |  0
|  32|0x0000000728200000, 0x0000000728200000, 0x0000000728400000|  0%| F|  |TAMS 0x0000000728200000| PB 0x0000000728200000| Untracked |  0
|  33|0x0000000728400000, 0x0000000728400000, 0x0000000728600000|  0%| F|  |TAMS 0x0000000728400000| PB 0x0000000728400000| Untracked |  0
|  34|0x0000000728600000, 0x0000000728600000, 0x0000000728800000|  0%| F|  |TAMS 0x0000000728600000| PB 0x0000000728600000| Untracked |  0
|  35|0x0000000728800000, 0x0000000728800000, 0x0000000728a00000|  0%| F|  |TAMS 0x0000000728800000| PB 0x0000000728800000| Untracked |  0
|  36|0x0000000728a00000, 0x0000000728a00000, 0x0000000728c00000|  0%| F|  |TAMS 0x0000000728a00000| PB 0x0000000728a00000| Untracked |  0
|  37|0x0000000728c00000, 0x0000000728c00000, 0x0000000728e00000|  0%| F|  |TAMS 0x0000000728c00000| PB 0x0000000728c00000| Untracked |  0
|  38|0x0000000728e00000, 0x0000000728e00000, 0x0000000729000000|  0%| F|  |TAMS 0x0000000728e00000| PB 0x0000000728e00000| Untracked |  0
|  39|0x0000000729000000, 0x0000000729000000, 0x0000000729200000|  0%| F|  |TAMS 0x0000000729000000| PB 0x0000000729000000| Untracked |  0
|  40|0x0000000729200000, 0x0000000729200000, 0x0000000729400000|  0%| F|  |TAMS 0x0000000729200000| PB 0x0000000729200000| Untracked |  0
|  41|0x0000000729400000, 0x0000000729400000, 0x0000000729600000|  0%| F|  |TAMS 0x0000000729400000| PB 0x0000000729400000| Untracked |  0
|  42|0x0000000729600000, 0x0000000729600000, 0x0000000729800000|  0%| F|  |TAMS 0x0000000729600000| PB 0x0000000729600000| Untracked |  0
|  43|0x0000000729800000, 0x0000000729800000, 0x0000000729a00000|  0%| F|  |TAMS 0x0000000729800000| PB 0x0000000729800000| Untracked |  0
|  44|0x0000000729a00000, 0x0000000729a00000, 0x0000000729c00000|  0%| F|  |TAMS 0x0000000729a00000| PB 0x0000000729a00000| Untracked |  0
|  45|0x0000000729c00000, 0x0000000729c00000, 0x0000000729e00000|  0%| F|  |TAMS 0x0000000729c00000| PB 0x0000000729c00000| Untracked |  0
|  46|0x0000000729e00000, 0x0000000729e00000, 0x000000072a000000|  0%| F|  |TAMS 0x0000000729e00000| PB 0x0000000729e00000| Untracked |  0
|  47|0x000000072a000000, 0x000000072a000000, 0x000000072a200000|  0%| F|  |TAMS 0x000000072a000000| PB 0x000000072a000000| Untracked |  0
|  48|0x000000072a200000, 0x000000072a200000, 0x000000072a400000|  0%| F|  |TAMS 0x000000072a200000| PB 0x000000072a200000| Untracked |  0
|  49|0x000000072a400000, 0x000000072a400000, 0x000000072a600000|  0%| F|  |TAMS 0x000000072a400000| PB 0x000000072a400000| Untracked |  0
|  50|0x000000072a600000, 0x000000072a600000, 0x000000072a800000|  0%| F|  |TAMS 0x000000072a600000| PB 0x000000072a600000| Untracked |  0
|  51|0x000000072a800000, 0x000000072a800000, 0x000000072aa00000|  0%| F|  |TAMS 0x000000072a800000| PB 0x000000072a800000| Untracked |  0
|  52|0x000000072aa00000, 0x000000072aa00000, 0x000000072ac00000|  0%| F|  |TAMS 0x000000072aa00000| PB 0x000000072aa00000| Untracked |  0
|  53|0x000000072ac00000, 0x000000072ac00000, 0x000000072ae00000|  0%| F|  |TAMS 0x000000072ac00000| PB 0x000000072ac00000| Untracked |  0
|  54|0x000000072ae00000, 0x000000072ae00000, 0x000000072b000000|  0%| F|  |TAMS 0x000000072ae00000| PB 0x000000072ae00000| Untracked |  0
|  55|0x000000072b000000, 0x000000072b000000, 0x000000072b200000|  0%| F|  |TAMS 0x000000072b000000| PB 0x000000072b000000| Untracked |  0
|  56|0x000000072b200000, 0x000000072b200000, 0x000000072b400000|  0%| F|  |TAMS 0x000000072b200000| PB 0x000000072b200000| Untracked |  0
|  57|0x000000072b400000, 0x000000072b400000, 0x000000072b600000|  0%| F|  |TAMS 0x000000072b400000| PB 0x000000072b400000| Untracked |  0
|  58|0x000000072b600000, 0x000000072b600000, 0x000000072b800000|  0%| F|  |TAMS 0x000000072b600000| PB 0x000000072b600000| Untracked |  0
|  59|0x000000072b800000, 0x000000072b800000, 0x000000072ba00000|  0%| F|  |TAMS 0x000000072b800000| PB 0x000000072b800000| Untracked |  0
|  60|0x000000072ba00000, 0x000000072ba00000, 0x000000072bc00000|  0%| F|  |TAMS 0x000000072ba00000| PB 0x000000072ba00000| Untracked |  0
|  61|0x000000072bc00000, 0x000000072bc00000, 0x000000072be00000|  0%| F|  |TAMS 0x000000072bc00000| PB 0x000000072bc00000| Untracked |  0
|  62|0x000000072be00000, 0x000000072be00000, 0x000000072c000000|  0%| F|  |TAMS 0x000000072be00000| PB 0x000000072be00000| Untracked |  0
|  63|0x000000072c000000, 0x000000072c000000, 0x000000072c200000|  0%| F|  |TAMS 0x000000072c000000| PB 0x000000072c000000| Untracked |  0
|  64|0x000000072c200000, 0x000000072c200000, 0x000000072c400000|  0%| F|  |TAMS 0x000000072c200000| PB 0x000000072c200000| Untracked |  0
|  65|0x000000072c400000, 0x000000072c400000, 0x000000072c600000|  0%| F|  |TAMS 0x000000072c400000| PB 0x000000072c400000| Untracked |  0
|  66|0x000000072c600000, 0x000000072c600000, 0x000000072c800000|  0%| F|  |TAMS 0x000000072c600000| PB 0x000000072c600000| Untracked |  0
|  67|0x000000072c800000, 0x000000072c800000, 0x000000072ca00000|  0%| F|  |TAMS 0x000000072c800000| PB 0x000000072c800000| Untracked |  0
|  68|0x000000072ca00000, 0x000000072ca00000, 0x000000072cc00000|  0%| F|  |TAMS 0x000000072ca00000| PB 0x000000072ca00000| Untracked |  0
|  69|0x000000072cc00000, 0x000000072cc00000, 0x000000072ce00000|  0%| F|  |TAMS 0x000000072cc00000| PB 0x000000072cc00000| Untracked |  0
|  70|0x000000072ce00000, 0x000000072ce00000, 0x000000072d000000|  0%| F|  |TAMS 0x000000072ce00000| PB 0x000000072ce00000| Untracked |  0
|  71|0x000000072d000000, 0x000000072d000000, 0x000000072d200000|  0%| F|  |TAMS 0x000000072d000000| PB 0x000000072d000000| Untracked |  0
|  72|0x000000072d200000, 0x000000072d341220, 0x000000072d400000| 62%| E|  |TAMS 0x000000072d200000| PB 0x000000072d200000| Complete |  0
|  73|0x000000072d400000, 0x000000072d600000, 0x000000072d600000|100%| E|CS|TAMS 0x000000072d400000| PB 0x000000072d400000| Complete |  0
|  74|0x000000072d600000, 0x000000072d800000, 0x000000072d800000|100%| E|CS|TAMS 0x000000072d600000| PB 0x000000072d600000| Complete |  0
|  75|0x000000072d800000, 0x000000072da00000, 0x000000072da00000|100%| E|CS|TAMS 0x000000072d800000| PB 0x000000072d800000| Complete |  0
|  76|0x000000072da00000, 0x000000072dc00000, 0x000000072dc00000|100%| E|CS|TAMS 0x000000072da00000| PB 0x000000072da00000| Complete |  0
|  77|0x000000072dc00000, 0x000000072de00000, 0x000000072de00000|100%| E|CS|TAMS 0x000000072dc00000| PB 0x000000072dc00000| Complete |  0
|  78|0x000000072de00000, 0x000000072e000000, 0x000000072e000000|100%| E|CS|TAMS 0x000000072de00000| PB 0x000000072de00000| Complete |  0
|  79|0x000000072e000000, 0x000000072e200000, 0x000000072e200000|100%| E|CS|TAMS 0x000000072e000000| PB 0x000000072e000000| Complete |  0
|  80|0x000000072e200000, 0x000000072e400000, 0x000000072e400000|100%| E|CS|TAMS 0x000000072e200000| PB 0x000000072e200000| Complete |  0
|  81|0x000000072e400000, 0x000000072e600000, 0x000000072e600000|100%| E|CS|TAMS 0x000000072e400000| PB 0x000000072e400000| Complete |  0
|  82|0x000000072e600000, 0x000000072e800000, 0x000000072e800000|100%| E|CS|TAMS 0x000000072e600000| PB 0x000000072e600000| Complete |  0
|  83|0x000000072e800000, 0x000000072e87ffd0, 0x000000072ea00000| 24%| S|CS|TAMS 0x000000072e800000| PB 0x000000072e800000| Complete |  0
|  84|0x000000072ea00000, 0x000000072ec00000, 0x000000072ec00000|100%| S|CS|TAMS 0x000000072ea00000| PB 0x000000072ea00000| Complete |  0
|  85|0x000000072ec00000, 0x000000072ee00000, 0x000000072ee00000|100%| S|CS|TAMS 0x000000072ec00000| PB 0x000000072ec00000| Complete |  0
|  86|0x000000072ee00000, 0x000000072f000000, 0x000000072f000000|100%| E|CS|TAMS 0x000000072ee00000| PB 0x000000072ee00000| Complete |  0
|  87|0x000000072f000000, 0x000000072f200000, 0x000000072f200000|100%| E|CS|TAMS 0x000000072f000000| PB 0x000000072f000000| Complete |  0
|  88|0x000000072f200000, 0x000000072f400000, 0x000000072f400000|100%| E|CS|TAMS 0x000000072f200000| PB 0x000000072f200000| Complete |  0
|  89|0x000000072f400000, 0x000000072f600000, 0x000000072f600000|100%| E|CS|TAMS 0x000000072f400000| PB 0x000000072f400000| Complete |  0
|  90|0x000000072f600000, 0x000000072f800000, 0x000000072f800000|100%| E|CS|TAMS 0x000000072f600000| PB 0x000000072f600000| Complete |  0
|  91|0x000000072f800000, 0x000000072fa00000, 0x000000072fa00000|100%| E|CS|TAMS 0x000000072f800000| PB 0x000000072f800000| Complete |  0
|  92|0x000000072fa00000, 0x000000072fc00000, 0x000000072fc00000|100%| E|CS|TAMS 0x000000072fa00000| PB 0x000000072fa00000| Complete |  0
|  93|0x000000072fc00000, 0x000000072fe00000, 0x000000072fe00000|100%| E|CS|TAMS 0x000000072fc00000| PB 0x000000072fc00000| Complete |  0
|  94|0x000000072fe00000, 0x0000000730000000, 0x0000000730000000|100%| E|CS|TAMS 0x000000072fe00000| PB 0x000000072fe00000| Complete |  0
|  95|0x0000000730000000, 0x0000000730200000, 0x0000000730200000|100%| E|CS|TAMS 0x0000000730000000| PB 0x0000000730000000| Complete |  0
|  96|0x0000000730200000, 0x0000000730400000, 0x0000000730400000|100%| E|CS|TAMS 0x0000000730200000| PB 0x0000000730200000| Complete |  0
|  97|0x0000000730400000, 0x0000000730600000, 0x0000000730600000|100%| E|CS|TAMS 0x0000000730400000| PB 0x0000000730400000| Complete |  0
|  98|0x0000000730600000, 0x0000000730800000, 0x0000000730800000|100%| E|CS|TAMS 0x0000000730600000| PB 0x0000000730600000| Complete |  0
|  99|0x0000000730800000, 0x0000000730a00000, 0x0000000730a00000|100%| E|CS|TAMS 0x0000000730800000| PB 0x0000000730800000| Complete |  0
| 100|0x0000000730a00000, 0x0000000730c00000, 0x0000000730c00000|100%| E|CS|TAMS 0x0000000730a00000| PB 0x0000000730a00000| Complete |  0
| 101|0x0000000730c00000, 0x0000000730e00000, 0x0000000730e00000|100%| E|CS|TAMS 0x0000000730c00000| PB 0x0000000730c00000| Complete |  0
| 102|0x0000000730e00000, 0x0000000731000000, 0x0000000731000000|100%| E|CS|TAMS 0x0000000730e00000| PB 0x0000000730e00000| Complete |  0
| 103|0x0000000731000000, 0x0000000731200000, 0x0000000731200000|100%| E|CS|TAMS 0x0000000731000000| PB 0x0000000731000000| Complete |  0
| 104|0x0000000731200000, 0x0000000731400000, 0x0000000731400000|100%| E|CS|TAMS 0x0000000731200000| PB 0x0000000731200000| Complete |  0
| 105|0x0000000731400000, 0x0000000731600000, 0x0000000731600000|100%| E|CS|TAMS 0x0000000731400000| PB 0x0000000731400000| Complete |  0
| 106|0x0000000731600000, 0x0000000731800000, 0x0000000731800000|100%| E|CS|TAMS 0x0000000731600000| PB 0x0000000731600000| Complete |  0
| 107|0x0000000731800000, 0x0000000731a00000, 0x0000000731a00000|100%| E|CS|TAMS 0x0000000731800000| PB 0x0000000731800000| Complete |  0
| 108|0x0000000731a00000, 0x0000000731c00000, 0x0000000731c00000|100%| E|CS|TAMS 0x0000000731a00000| PB 0x0000000731a00000| Complete |  0
| 109|0x0000000731c00000, 0x0000000731e00000, 0x0000000731e00000|100%| E|CS|TAMS 0x0000000731c00000| PB 0x0000000731c00000| Complete |  0
|1758|0x00000007ffe00000, 0x00000007fff1c318, 0x0000000800000000| 55%| O|  |TAMS 0x00000007ffe00000| PB 0x00000007ffe00000| Untracked |  0

Card table byte_map: [0x000001ab19cb0000,0x000001ab1a390000] _byte_map_base: 0x000001ab1638f000

Marking Bits: (CMBitMap*) 0x000001ab7fc5d300
 Bits: [0x000001ab1a390000, 0x000001ab1da88000)

Polling page: 0x000001ab7f5e0000

Metaspace:

Usage:
  Non-class:     15.72 MB used.
      Class:      1.71 MB used.
       Both:     17.43 MB used.

Virtual space:
  Non-class space:       64.00 MB reserved,      15.88 MB ( 25%) committed,  1 nodes.
      Class space:        1.00 GB reserved,       1.88 MB ( <1%) committed,  1 nodes.
             Both:        1.06 GB reserved,      17.75 MB (  2%) committed. 

Chunk freelists:
   Non-Class:  15.46 MB
       Class:  14.14 MB
        Both:  29.61 MB

MaxMetaspaceSize: unlimited
CompressedClassSpaceSize: 1.00 GB
Initial GC threshold: 21.00 MB
Current GC threshold: 21.00 MB
CDS: on
 - commit_granule_bytes: 65536.
 - commit_granule_words: 8192.
 - virtual_space_node_default_size: 8388608.
 - enlarge_chunks_in_place: 1.
UseCompressedClassPointers 1, UseCompactObjectHeaders 0
Narrow klass pointer bits 32, Max shift 3
Narrow klass base: 0x000001ab21000000, Narrow klass shift: 0
Encoding Range: [0x000001ab21000000 - 0x000001ac21000000), (4294967296 bytes)
Klass Range:    [0x000001ab21000000 - 0x000001ab62000000), (1090519040 bytes)
Klass ID Range:  [8 - 1090519033) (1090519025)


Internal statistics:

num_allocs_failed_limit: 0.
num_arena_births: 202.
num_arena_deaths: 0.
num_vsnodes_births: 2.
num_vsnodes_deaths: 0.
num_space_committed: 284.
num_space_uncommitted: 0.
num_chunks_returned_to_freelist: 0.
num_chunks_taken_from_freelist: 822.
num_chunk_merges: 0.
num_chunk_splits: 556.
num_chunks_enlarged: 436.
num_inconsistent_stats: 0.

CodeHeap 'non-profiled nmethods': size=120064Kb used=1502Kb max_used=1502Kb free=118561Kb
 bounds [0x000001ab11910000, 0x000001ab11b80000, 0x000001ab18e50000]
CodeHeap 'profiled nmethods': size=120000Kb used=7240Kb max_used=7240Kb free=112759Kb
 bounds [0x000001ab09e50000, 0x000001ab0a570000, 0x000001ab11380000]
CodeHeap 'non-nmethods': size=5696Kb used=1362Kb max_used=1413Kb free=4333Kb
 bounds [0x000001ab11380000, 0x000001ab115f0000, 0x000001ab11910000]
CodeCache: size=245760Kb, used=10104Kb, max_used=10155Kb, free=235653Kb
 total_blobs=4684, nmethods=4160, adapters=428, full_count=0
Compilation: enabled, stopped_count=0, restarted_count=0

Compilation events (20 events):
Event: 4.882 Thread 0x000001ab204d3630 4149       3       org.codehaus.plexus.util.introspection.MethodMap::get (14 bytes)
Event: 4.882 Thread 0x000001ab204d3630 nmethod 4149 0x000001ab0a55d608 code [0x000001ab0a55d740, 0x000001ab0a55da08]
Event: 4.882 Thread 0x000001ab204d3630 4150       3       org.codehaus.plexus.util.introspection.ClassMap::getPublicMethod (29 bytes)
Event: 4.883 Thread 0x000001ab204d3630 nmethod 4150 0x000001ab0a55da88 code [0x000001ab0a55dbe0, 0x000001ab0a55e228]
Event: 4.883 Thread 0x000001ab204d3630 4151       3       org.codehaus.plexus.util.introspection.MethodMap::add (44 bytes)
Event: 4.883 Thread 0x000001ab204d3630 nmethod 4151 0x000001ab0a55e288 code [0x000001ab0a55e420, 0x000001ab0a55ec40]
Event: 4.891 Thread 0x000001ab204d3630 4152       3       java.lang.ProcessEnvironment$CheckedEntrySet$1::hasNext (10 bytes)
Event: 4.891 Thread 0x000001ab204d3630 nmethod 4152 0x000001ab0a55ed08 code [0x000001ab0a55ee20, 0x000001ab0a55f000]
Event: 4.891 Thread 0x000001ab204d3630 4154       3       java.lang.ProcessEnvironment$NameComparator::compare (90 bytes)
Event: 4.892 Thread 0x000001ab204d3630 nmethod 4154 0x000001ab0a55f088 code [0x000001ab0a55f300, 0x000001ab0a560900]
Event: 4.892 Thread 0x000001ab204d3630 4155       3       java.lang.ProcessEnvironment$CheckedEntry::getKey (5 bytes)
Event: 4.893 Thread 0x000001ab204d3630 nmethod 4155 0x000001ab0a560988 code [0x000001ab0a560ac0, 0x000001ab0a560dc8]
Event: 4.893 Thread 0x000001ab204d3630 4156       3       java.lang.ProcessEnvironment$CheckedEntry::getKey (13 bytes)
Event: 4.893 Thread 0x000001ab204d3630 nmethod 4156 0x000001ab0a560e08 code [0x000001ab0a560f20, 0x000001ab0a5611d0]
Event: 4.893 Thread 0x000001ab204d3630 4157       3       java.lang.ProcessEnvironment$EntryComparator::compare (13 bytes)
Event: 4.893 Thread 0x000001ab204d3630 nmethod 4157 0x000001ab0a561208 code [0x000001ab0a561380, 0x000001ab0a561b58]
Event: 4.893 Thread 0x000001ab204d3630 4153       3       java.lang.ProcessEnvironment$CheckedEntrySet$1::next (5 bytes)
Event: 4.893 Thread 0x000001ab204d3630 nmethod 4153 0x000001ab0a561b88 code [0x000001ab0a561ce0, 0x000001ab0a5621a0]
Event: 4.898 Thread 0x000001ab204d5640 4160       4       jdk.internal.classfile.impl.AbstractPoolEntry$Utf8EntryImpl::<init> (49 bytes)
Event: 4.899 Thread 0x000001ab204d5640 nmethod 4160 0x000001ab11a87188 code [0x000001ab11a872a0, 0x000001ab11a87820]

GC Heap History (2 events):
Event: 2.275 GC heap before
{Heap before GC invocations=0 (full 0):
 garbage-first heap   total reserved 3602432K, committed 227328K, used 50288K [0x0000000724200000, 0x0000000800000000)
  region size 2048K, 24 young (49152K), 0 survivors (0K)
 Metaspace       used 9442K, committed 9664K, reserved 1114112K
  class space    used 850K, committed 960K, reserved 1048576K
}
Event: 2.301 GC heap after
{Heap after GC invocations=1 (full 0):
 garbage-first heap   total reserved 3602432K, committed 227328K, used 5744K [0x0000000724200000, 0x0000000800000000)
  region size 2048K, 3 young (6144K), 3 survivors (6144K)
 Metaspace       used 9442K, committed 9664K, reserved 1114112K
  class space    used 850K, committed 960K, reserved 1048576K
}

Dll operation events (8 events):
Event: 0.010 Loaded shared library C:\Program Files\Apache NetBeans\jdk\bin\java.dll
Event: 0.037 Loaded shared library C:\Program Files\Apache NetBeans\jdk\bin\jsvml.dll
Event: 0.052 Loaded shared library C:\Program Files\Apache NetBeans\jdk\bin\net.dll
Event: 0.055 Loaded shared library C:\Program Files\Apache NetBeans\jdk\bin\nio.dll
Event: 0.060 Loaded shared library C:\Program Files\Apache NetBeans\jdk\bin\zip.dll
Event: 0.337 Loaded shared library C:\Program Files\Apache NetBeans\jdk\bin\jimage.dll
Event: 0.337 Loaded shared library C:\Program Files\Apache NetBeans\java\maven\lib\jansi-native\Windows\x86_64\jansi.dll
Event: 0.357 Loaded shared library C:\Program Files\Apache NetBeans\jdk\bin\verify.dll

Deoptimization events (20 events):
Event: 4.890 Thread 0x000001ab7fbf9c50 Uncommon trap: trap_request=0xffffffc6 fr.pc=0x000001ab11a3eb00 relative=0x0000000000000440
Event: 4.890 Thread 0x000001ab7fbf9c50 Uncommon trap: reason=bimorphic_or_optimized_type_check action=maybe_recompile pc=0x000001ab11a3eb00 method=java.util.HashMap.putVal(ILjava/lang/Object;Ljava/lang/Object;ZZ)Ljava/lang/Object; @ 253 c2
Event: 4.890 Thread 0x000001ab7fbf9c50 DEOPT PACKING pc=0x000001ab11a3eb00 sp=0x0000006d1fbfe360
Event: 4.890 Thread 0x000001ab7fbf9c50 DEOPT UNPACKING pc=0x000001ab11494c02 sp=0x0000006d1fbfe268 mode 2
Event: 4.890 Thread 0x000001ab7fbf9c50 Uncommon trap: trap_request=0xffffffc6 fr.pc=0x000001ab11a1b0f0 relative=0x0000000000000430
Event: 4.890 Thread 0x000001ab7fbf9c50 Uncommon trap: reason=bimorphic_or_optimized_type_check action=maybe_recompile pc=0x000001ab11a1b0f0 method=java.util.HashMap.putVal(ILjava/lang/Object;Ljava/lang/Object;ZZ)Ljava/lang/Object; @ 253 c2
Event: 4.890 Thread 0x000001ab7fbf9c50 DEOPT PACKING pc=0x000001ab11a1b0f0 sp=0x0000006d1fbfe2e0
Event: 4.890 Thread 0x000001ab7fbf9c50 DEOPT UNPACKING pc=0x000001ab11494c02 sp=0x0000006d1fbfe270 mode 2
Event: 4.891 Thread 0x000001ab7fbf9c50 Uncommon trap: trap_request=0xffffffbe fr.pc=0x000001ab119df438 relative=0x0000000000000e98
Event: 4.891 Thread 0x000001ab7fbf9c50 Uncommon trap: reason=profile_predicate action=maybe_recompile pc=0x000001ab119df438 method=java.util.TimSort.binarySort([Ljava/lang/Object;IIILjava/util/Comparator;)V @ 34 c2
Event: 4.891 Thread 0x000001ab7fbf9c50 DEOPT PACKING pc=0x000001ab119df438 sp=0x0000006d1fbfdee0
Event: 4.891 Thread 0x000001ab7fbf9c50 DEOPT UNPACKING pc=0x000001ab11494c02 sp=0x0000006d1fbfdea0 mode 2
Event: 4.891 Thread 0x000001ab7fbf9c50 Uncommon trap: trap_request=0xffffffbe fr.pc=0x000001ab119df438 relative=0x0000000000000e98
Event: 4.891 Thread 0x000001ab7fbf9c50 Uncommon trap: reason=profile_predicate action=maybe_recompile pc=0x000001ab119df438 method=java.util.TimSort.binarySort([Ljava/lang/Object;IIILjava/util/Comparator;)V @ 34 c2
Event: 4.891 Thread 0x000001ab7fbf9c50 DEOPT PACKING pc=0x000001ab119df438 sp=0x0000006d1fbfdee0
Event: 4.891 Thread 0x000001ab7fbf9c50 DEOPT UNPACKING pc=0x000001ab11494c02 sp=0x0000006d1fbfdea0 mode 2
Event: 4.891 Thread 0x000001ab7fbf9c50 Uncommon trap: trap_request=0xffffffbe fr.pc=0x000001ab119df438 relative=0x0000000000000e98
Event: 4.891 Thread 0x000001ab7fbf9c50 Uncommon trap: reason=profile_predicate action=maybe_recompile pc=0x000001ab119df438 method=java.util.TimSort.binarySort([Ljava/lang/Object;IIILjava/util/Comparator;)V @ 34 c2
Event: 4.891 Thread 0x000001ab7fbf9c50 DEOPT PACKING pc=0x000001ab119df438 sp=0x0000006d1fbfdee0
Event: 4.891 Thread 0x000001ab7fbf9c50 DEOPT UNPACKING pc=0x000001ab11494c02 sp=0x0000006d1fbfdea0 mode 2

Classes loaded (20 events):
Event: 4.902 Loading class jdk/internal/logger/LazyLoggers
Event: 4.902 Loading class jdk/internal/logger/LazyLoggers done
Event: 4.902 Loading class jdk/internal/logger/LazyLoggers$1
Event: 4.902 Loading class jdk/internal/logger/LazyLoggers$1 done
Event: 4.902 Loading class jdk/internal/logger/LazyLoggers$LazyLoggerFactories
Event: 4.902 Loading class jdk/internal/logger/LazyLoggers$LazyLoggerFactories done
Event: 4.902 Loading class jdk/internal/logger/LoggerFinderLoader
Event: 4.902 Loading class jdk/internal/logger/LoggerFinderLoader done
Event: 4.903 Loading class jdk/internal/logger/LoggerFinderLoader$TemporaryLoggerFinder
Event: 4.903 Loading class jdk/internal/logger/LoggerFinderLoader$TemporaryLoggerFinder done
Event: 4.903 Loading class sun/util/logging/internal/LoggingProviderImpl$JULWrapper
Event: 4.903 Loading class sun/util/logging/PlatformLogger$ConfigurableBridge$LoggerConfiguration
Event: 4.903 Loading class sun/util/logging/PlatformLogger$ConfigurableBridge$LoggerConfiguration done
Event: 4.903 Loading class sun/util/logging/internal/LoggingProviderImpl$JULWrapper done
Event: 4.903 Loading class java/lang/System$Logger$Level
Event: 4.903 Loading class java/lang/System$Logger$Level done
Event: 4.904 Loading class java/io/PipedOutputStream
Event: 4.904 Loading class java/io/PipedOutputStream done
Event: 4.905 Loading class jdk/internal/event/ThreadSleepEvent
Event: 4.905 Loading class jdk/internal/event/ThreadSleepEvent done

Classes unloaded (0 events):
No events

Classes redefined (0 events):
No events

Internal exceptions (20 events):
Event: 3.068 Thread 0x000001ab7fbf9c50 Exception <a 'java/lang/NoClassDefFoundError'{0x0000000730fb5540}: com/google/inject/servlet/ServletModuleTargetVisitor> (0x0000000730fb5540) 
thrown [s\src\hotspot\share\classfile\systemDictionary.cpp, line 316]
Event: 3.195 Thread 0x000001ab7fbf9c50 Exception <a 'java/lang/NoSuchMethodError'{0x0000000730a536f0}: 'void java.lang.invoke.DirectMethodHandle$Holder.invokeVirtual(java.lang.Object, java.lang.Object)'> (0x0000000730a536f0) 
thrown [s\src\hotspot\share\interpreter\linkResolver.cpp, line 805]
Event: 3.272 Thread 0x000001ab7fbf9c50 Exception <a 'java/lang/NoSuchMethodError'{0x0000000730b001e0}: 'java.lang.Object java.lang.invoke.DirectMethodHandle$Holder.invokeStaticInit(java.lang.Object, int, int, int, int)'> (0x0000000730b001e0) 
thrown [s\src\hotspot\share\interpreter\linkResolver.cpp, line 805]
Event: 3.472 Thread 0x000001ab7fbf9c50 Exception <a 'java/lang/NoSuchMethodError'{0x00000007307ac6a0}: 'void java.lang.invoke.DirectMethodHandle$Holder.invokeSpecial(java.lang.Object, java.lang.Object, java.lang.Object, java.lang.Object, java.lang.Object)'> (0x00000007307ac6a0) 
thrown [s\src\hotspot\share\interpreter\linkResolver.cpp, line 805]
Event: 3.478 Thread 0x000001ab7fbf9c50 Exception <a 'java/lang/NoSuchMethodError'{0x00000007307e2688}: 'java.lang.Object java.lang.invoke.DirectMethodHandle$Holder.invokeVirtual(java.lang.Object, java.lang.Object, java.lang.Object)'> (0x00000007307e2688) 
thrown [s\src\hotspot\share\interpreter\linkResolver.cpp, line 805]
Event: 3.481 Thread 0x000001ab7fbf9c50 Exception <a 'java/lang/NoSuchMethodError'{0x0000000730408e50}: 'void java.lang.invoke.DirectMethodHandle$Holder.invokeSpecial(java.lang.Object, java.lang.Object, java.lang.Object, java.lang.Object, java.lang.Object, java.lang.Object)'> (0x0000000730408e50) 
thrown [s\src\hotspot\share\interpreter\linkResolver.cpp, line 805]
Event: 3.541 Thread 0x000001ab7fbf9c50 Exception <a 'java/lang/NoSuchMethodError'{0x00000007305c0248}: 'void java.lang.invoke.DirectMethodHandle$Holder.invokeVirtual(java.lang.Object, java.lang.Object, int)'> (0x00000007305c0248) 
thrown [s\src\hotspot\share\interpreter\linkResolver.cpp, line 805]
Event: 3.541 Thread 0x000001ab7fbf9c50 Exception <a 'java/lang/NoSuchMethodError'{0x00000007305c8a00}: 'void java.lang.invoke.DirectMethodHandle$Holder.invokeSpecial(java.lang.Object, java.lang.Object, java.lang.Object, int)'> (0x00000007305c8a00) 
thrown [s\src\hotspot\share\interpreter\linkResolver.cpp, line 805]
Event: 3.542 Thread 0x000001ab7fbf9c50 Exception <a 'java/lang/NoSuchMethodError'{0x00000007305d0d60}: 'void java.lang.invoke.DelegatingMethodHandle$Holder.reinvoke_L(java.lang.Object, java.lang.Object, int)'> (0x00000007305d0d60) 
thrown [s\src\hotspot\share\interpreter\linkResolver.cpp, line 805]
Event: 3.886 Thread 0x000001ab7fbf9c50 Implicit null exception at 0x000001ab119f130d to 0x000001ab119f1524
Event: 3.886 Thread 0x000001ab7fbf9c50 Implicit null exception at 0x000001ab119ffca9 to 0x000001ab11a00ad4
Event: 3.886 Thread 0x000001ab7fbf9c50 Implicit null exception at 0x000001ab11a0b90d to 0x000001ab11a0bb1c
Event: 3.886 Thread 0x000001ab7fbf9c50 Implicit null exception at 0x000001ab11a24179 to 0x000001ab11a24880
Event: 3.941 Thread 0x000001ab7fbf9c50 Exception <a 'java/lang/NoSuchMethodError'{0x000000072f82e598}: 'java.lang.Object java.lang.invoke.DirectMethodHandle$Holder.newInvokeSpecial(java.lang.Object, java.lang.Object, java.lang.Object, java.lang.Object, java.lang.Object, java.lang.Object, java.lang.Object)'> (0x000000072f82e598) 
thrown [s\src\hotspot\share\interpreter\linkResolver.cpp, line 805]
Event: 4.367 Thread 0x000001ab7fbf9c50 Exception <a 'java/lang/NoSuchMethodError'{0x000000072ee00b80}: 'int java.lang.invoke.DirectMethodHandle$Holder.invokeVirtual(java.lang.Object, java.lang.Object)'> (0x000000072ee00b80) 
thrown [s\src\hotspot\share\interpreter\linkResolver.cpp, line 805]
Event: 4.403 Thread 0x000001ab7fbf9c50 Exception <a 'java/lang/NoSuchMethodError'{0x000000072ef324c0}: 'void java.lang.invoke.Invokers$Holder.invokeExact_MT(java.lang.Object, java.lang.Object, int, java.lang.Object)'> (0x000000072ef324c0) 
thrown [s\src\hotspot\share\interpreter\linkResolver.cpp, line 805]
Event: 4.896 Thread 0x000001ab7fbf9c50 Exception <a 'java/lang/NoSuchMethodError'{0x000000072d49c078}: 'void java.lang.invoke.DirectMethodHandle$Holder.invokeStatic(java.lang.Object, long)'> (0x000000072d49c078) 
thrown [s\src\hotspot\share\interpreter\linkResolver.cpp, line 805]
Event: 4.897 Thread 0x000001ab7fbf9c50 Exception <a 'java/lang/NoSuchMethodError'{0x000000072d4aabc0}: 'java.lang.Object java.lang.invoke.DirectMethodHandle$Holder.newInvokeSpecial(java.lang.Object, long)'> (0x000000072d4aabc0) 
thrown [s\src\hotspot\share\interpreter\linkResolver.cpp, line 805]
Event: 4.899 Thread 0x000001ab7fbf9c50 Exception <a 'java/lang/NoSuchMethodError'{0x000000072d4b3ce0}: 'java.lang.Object java.lang.invoke.DirectMethodHandle$Holder.invokeStatic(java.lang.Object, long, java.lang.Object)'> (0x000000072d4b3ce0) 
thrown [s\src\hotspot\share\interpreter\linkResolver.cpp, line 805]
Event: 4.900 Thread 0x000001ab7fbf9c50 Exception <a 'java/lang/NoSuchMethodError'{0x000000072d4bbdf8}: 'java.lang.Object java.lang.invoke.DirectMethodHandle$Holder.invokeStaticInit(java.lang.Object, long, java.lang.Object)'> (0x000000072d4bbdf8) 
thrown [s\src\hotspot\share\interpreter\linkResolver.cpp, line 805]

VM Operations (20 events):
Event: 2.689 Executing VM operation: HandshakeAllThreads (Deoptimize)
Event: 2.689 Executing VM operation: HandshakeAllThreads (Deoptimize) done
Event: 2.696 Executing VM operation: HandshakeAllThreads (Deoptimize)
Event: 2.696 Executing VM operation: HandshakeAllThreads (Deoptimize) done
Event: 2.833 Executing VM operation: HandshakeAllThreads (Deoptimize)
Event: 2.833 Executing VM operation: HandshakeAllThreads (Deoptimize) done
Event: 3.031 Executing VM operation: HandshakeAllThreads (Deoptimize)
Event: 3.031 Executing VM operation: HandshakeAllThreads (Deoptimize) done
Event: 3.215 Executing VM operation: HandshakeAllThreads (Deoptimize)
Event: 3.215 Executing VM operation: HandshakeAllThreads (Deoptimize) done
Event: 3.312 Executing VM operation: HandshakeAllThreads (Deoptimize)
Event: 3.312 Executing VM operation: HandshakeAllThreads (Deoptimize) done
Event: 3.374 Executing VM operation: HandshakeAllThreads (Deoptimize)
Event: 3.374 Executing VM operation: HandshakeAllThreads (Deoptimize) done
Event: 3.426 Executing VM operation: HandshakeAllThreads (Deoptimize)
Event: 3.426 Executing VM operation: HandshakeAllThreads (Deoptimize) done
Event: 3.427 Executing VM operation: HandshakeAllThreads (Deoptimize)
Event: 3.427 Executing VM operation: HandshakeAllThreads (Deoptimize) done
Event: 4.401 Executing VM operation: HandshakeAllThreads (Deoptimize)
Event: 4.402 Executing VM operation: HandshakeAllThreads (Deoptimize) done

Memory protections (0 events):
No events

Nmethod flushes (0 events):
No events

Events (20 events):
Event: 0.036 Thread 0x000001ab7fbf9c50 Thread added: 0x000001ab204ca4f0
Event: 0.036 Thread 0x000001ab7fbf9c50 Thread added: 0x000001ab204cbd70
Event: 0.036 Thread 0x000001ab7fbf9c50 Thread added: 0x000001ab204d5640
Event: 0.036 Thread 0x000001ab7fbf9c50 Thread added: 0x000001ab204d3630
Event: 0.047 Thread 0x000001ab7fbf9c50 Thread added: 0x000001ab20634850
Event: 0.050 Thread 0x000001ab7fbf9c50 Thread added: 0x000001ab20648400
Event: 0.151 Thread 0x000001ab204d5640 Thread added: 0x000001ab2072bcd0
Event: 0.333 Thread 0x000001ab7fbf9c50 Thread added: 0x000001ab6624f3f0
Event: 0.353 Thread 0x000001ab6624f3f0 Thread exited: 0x000001ab6624f3f0
Event: 0.974 Thread 0x000001ab2072bcd0 Thread exited: 0x000001ab2072bcd0
Event: 1.074 Thread 0x000001ab204d3630 Thread added: 0x000001ab6675be70
Event: 1.090 Thread 0x000001ab204d3630 Thread added: 0x000001ab6675dcb0
Event: 1.364 Thread 0x000001ab6675dcb0 Thread exited: 0x000001ab6675dcb0
Event: 2.224 Thread 0x000001ab6675be70 Thread exited: 0x000001ab6675be70
Event: 3.499 Thread 0x000001ab204d3630 Thread added: 0x000001ab66981320
Event: 4.249 Thread 0x000001ab66981320 Thread exited: 0x000001ab66981320
Event: 4.479 Thread 0x000001ab204d3630 Thread added: 0x000001ab673cc550
Event: 4.905 Thread 0x000001ab7fbf9c50 Thread added: 0x000001ab67764050
Event: 4.905 Thread 0x000001ab7fbf9c50 Thread added: 0x000001ab671333c0
Event: 4.905 Thread 0x000001ab7fbf9c50 Thread added: 0x000001ab673aab10


Dynamic libraries:
0x00007ff721760000 - 0x00007ff72176e000 	C:\Program Files\Apache NetBeans\jdk\bin\java.exe
0x00007ff88f240000 - 0x00007ff88f4a7000 	C:\WINDOWS\SYSTEM32\ntdll.dll
0x00007ff88d9d0000 - 0x00007ff88da99000 	C:\WINDOWS\System32\KERNEL32.DLL
0x00007ff88c8d0000 - 0x00007ff88ccc0000 	C:\WINDOWS\System32\KERNELBASE.dll
0x00007ff88c6c0000 - 0x00007ff88c80b000 	C:\WINDOWS\System32\ucrtbase.dll
0x00007ff866bf0000 - 0x00007ff866c06000 	C:\Program Files\Apache NetBeans\jdk\bin\jli.dll
0x00007ff87ca70000 - 0x00007ff87ca8e000 	C:\Program Files\Apache NetBeans\jdk\bin\VCRUNTIME140.dll
0x00007ff88d0d0000 - 0x00007ff88d295000 	C:\WINDOWS\System32\USER32.dll
0x00007ff88b5b0000 - 0x00007ff88b84a000 	C:\WINDOWS\WinSxS\amd64_microsoft.windows.common-controls_6595b64144ccf1df_6.0.26100.4768_none_3e0c112ce331287c\COMCTL32.dll
0x00007ff88c560000 - 0x00007ff88c587000 	C:\WINDOWS\System32\win32u.dll
0x00007ff88e9d0000 - 0x00007ff88ea79000 	C:\WINDOWS\System32\msvcrt.dll
0x00007ff88d8e0000 - 0x00007ff88d90b000 	C:\WINDOWS\System32\GDI32.dll
0x00007ff88c370000 - 0x00007ff88c4a8000 	C:\WINDOWS\System32\gdi32full.dll
0x00007ff88c4b0000 - 0x00007ff88c553000 	C:\WINDOWS\System32\msvcp_win.dll
0x00007ff88d330000 - 0x00007ff88d35f000 	C:\WINDOWS\System32\IMM32.DLL
0x00007ff87ca30000 - 0x00007ff87ca3c000 	C:\Program Files\Apache NetBeans\jdk\bin\vcruntime140_1.dll
0x00007ff86ce80000 - 0x00007ff86cf0d000 	C:\Program Files\Apache NetBeans\jdk\bin\msvcp140.dll
0x00007ff808950000 - 0x00007ff8097cc000 	C:\Program Files\Apache NetBeans\jdk\bin\server\jvm.dll
0x00007ff88d910000 - 0x00007ff88d9c4000 	C:\WINDOWS\System32\ADVAPI32.dll
0x00007ff88cfd0000 - 0x00007ff88d076000 	C:\WINDOWS\System32\sechost.dll
0x00007ff88e040000 - 0x00007ff88e158000 	C:\WINDOWS\System32\RPCRT4.dll
0x00007ff88e3c0000 - 0x00007ff88e434000 	C:\WINDOWS\System32\WS2_32.dll
0x00007ff88c120000 - 0x00007ff88c17e000 	C:\WINDOWS\SYSTEM32\POWRPROF.dll
0x00007ff880c20000 - 0x00007ff880c55000 	C:\WINDOWS\SYSTEM32\WINMM.dll
0x00007ff877910000 - 0x00007ff87791b000 	C:\WINDOWS\SYSTEM32\VERSION.dll
0x00007ff88c010000 - 0x00007ff88c024000 	C:\WINDOWS\SYSTEM32\UMPDC.dll
0x00007ff88a770000 - 0x00007ff88a78b000 	C:\WINDOWS\SYSTEM32\kernel.appcore.dll
0x00007ff878c20000 - 0x00007ff878c2a000 	C:\Program Files\Apache NetBeans\jdk\bin\jimage.dll
0x00007ff88bb50000 - 0x00007ff88bd91000 	C:\WINDOWS\SYSTEM32\DBGHELP.DLL
0x00007ff88dbb0000 - 0x00007ff88df35000 	C:\WINDOWS\System32\combase.dll
0x00007ff88e160000 - 0x00007ff88e240000 	C:\WINDOWS\System32\OLEAUT32.dll
0x00007ff88ba10000 - 0x00007ff88ba53000 	C:\WINDOWS\SYSTEM32\dbgcore.DLL
0x00007ff88c620000 - 0x00007ff88c6b9000 	C:\WINDOWS\System32\bcryptPrimitives.dll
0x00007ff86fde0000 - 0x00007ff86fdfe000 	C:\Program Files\Apache NetBeans\jdk\bin\java.dll
0x00007ff88d610000 - 0x00007ff88d7b0000 	C:\WINDOWS\System32\ole32.dll
0x00007ff88ea80000 - 0x00007ff88f1cd000 	C:\WINDOWS\System32\SHELL32.dll
0x00007ff88ce50000 - 0x00007ff88cfc3000 	C:\WINDOWS\System32\wintypes.dll
0x00007ff8894a0000 - 0x00007ff889d00000 	C:\WINDOWS\SYSTEM32\windows.storage.dll
0x00007ff88e8d0000 - 0x00007ff88e9c5000 	C:\WINDOWS\System32\SHCORE.dll
0x00007ff88d7c0000 - 0x00007ff88d82a000 	C:\WINDOWS\System32\shlwapi.dll
0x00007ff88c290000 - 0x00007ff88c2b9000 	C:\WINDOWS\SYSTEM32\profapi.dll
0x00007ff84ec10000 - 0x00007ff84ece7000 	C:\Program Files\Apache NetBeans\jdk\bin\jsvml.dll
0x00007ff86b410000 - 0x00007ff86b420000 	C:\Program Files\Apache NetBeans\jdk\bin\net.dll
0x00007ff88aca0000 - 0x00007ff88ad0b000 	C:\WINDOWS\system32\mswsock.dll
0x00007ff861950000 - 0x00007ff861966000 	C:\Program Files\Apache NetBeans\jdk\bin\nio.dll
0x00007ff8663e0000 - 0x00007ff8663f7000 	C:\Program Files\Apache NetBeans\jdk\bin\zip.dll
0x00007ff87c080000 - 0x00007ff87c0a4000 	C:\Program Files\Apache NetBeans\java\maven\lib\jansi-native\Windows\x86_64\jansi.dll
0x00007ff86a9c0000 - 0x00007ff86a9d0000 	C:\Program Files\Apache NetBeans\jdk\bin\verify.dll

JVMTI agents: none

dbghelp: loaded successfully - version: 4.0.5 - missing functions: none
symbol engine: initialized successfully - sym options: 0x614 - pdb path: .;C:\Program Files\Apache NetBeans\jdk\bin;C:\WINDOWS\SYSTEM32;C:\WINDOWS\WinSxS\amd64_microsoft.windows.common-controls_6595b64144ccf1df_6.0.26100.4768_none_3e0c112ce331287c;C:\Program Files\Apache NetBeans\jdk\bin\server;C:\Program Files\Apache NetBeans\java\maven\lib\jansi-native\Windows\x86_64

VM Arguments:
jvm_args: --enable-native-access=ALL-UNNAMED -Dclassworlds.conf=C:\Program Files\Apache NetBeans\java\maven\bin\m2.conf -Dmaven.home=C:\Program Files\Apache NetBeans\java\maven -Dlibrary.jansi.path=C:\Program Files\Apache NetBeans\java\maven\lib\jansi-native -Dmaven.multiModuleProjectDirectory=C:\Users\USUARIO\Documents\NetBeansProjects\Hotel 
java_command: org.codehaus.plexus.classworlds.launcher.Launcher -Dexec.vmArgs= -Dexec.args=${exec.vmArgs} -classpath %classpath ${exec.mainClass} ${exec.appArgs} -Dexec.executable=C:\Program Files\Apache NetBeans\jdk\bin\java.exe -Dexec.mainClass=Interfaz.Login -Dexec.classpathScope=runtime -Dexec.appArgs= -Dmaven.ext.class.path=C:\Program Files\Apache NetBeans\java\maven-nblib\netbeans-eventspy.jar --no-transfer-progress process-classes org.codehaus.mojo:exec-maven-plugin:3.1.0:exec
java_class_path (initial): C:\Program Files\Apache NetBeans\java\maven\boot\plexus-classworlds-2.9.0.jar
Launcher Type: SUN_STANDARD

[Global flags]
     intx CICompilerCount                          = 4                                         {product} {ergonomic}
     uint ConcGCThreads                            = 2                                         {product} {ergonomic}
     uint G1ConcRefinementThreads                  = 8                                         {product} {ergonomic}
   size_t G1HeapRegionSize                         = 2097152                                   {product} {ergonomic}
   size_t InitialHeapSize                          = 230686720                                 {product} {ergonomic}
   size_t MarkStackSize                            = 4194304                                   {product} {ergonomic}
   size_t MarkStackSizeMax                         = 536870912                                 {product} {ergonomic}
   size_t MaxHeapSize                              = 3688890368                                {product} {ergonomic}
   size_t MaxNewSize                               = 2212495360                                {product} {ergonomic}
   size_t MinHeapDeltaBytes                        = 2097152                                   {product} {ergonomic}
   size_t MinHeapSize                              = 8388608                                   {product} {ergonomic}
    uintx NonNMethodCodeHeapSize                   = 5832704                                {pd product} {ergonomic}
    uintx NonProfiledCodeHeapSize                  = 122945536                              {pd product} {ergonomic}
    uintx ProfiledCodeHeapSize                     = 122880000                              {pd product} {ergonomic}
    uintx ReservedCodeCacheSize                    = 251658240                              {pd product} {ergonomic}
     bool SegmentedCodeCache                       = true                                      {product} {ergonomic}
   size_t SoftMaxHeapSize                          = 3688890368                             {manageable} {ergonomic}
     bool UseCompressedOops                        = true                           {product lp64_product} {ergonomic}
     bool UseG1GC                                  = true                                      {product} {ergonomic}
     bool UseLargePagesIndividualAllocation        = false                                  {pd product} {ergonomic}

Logging:
Log output configuration:
 #0: stdout all=warning uptime,level,tags foldmultilines=false
 #1: stderr all=off uptime,level,tags foldmultilines=false

Environment Variables:
JAVA_HOME=C:\Program Files\Apache NetBeans\jdk
PATH=C:\Program Files\Common Files\Oracle\Java\javapath;C:\WINDOWS\system32;C:\WINDOWS;C:\WINDOWS\System32\Wbem;C:\WINDOWS\System32\WindowsPowerShell\v1.0\;C:\WINDOWS\System32\OpenSSH\;C:\Program Files\dotnet\;C:\Program Files\Git\cmd;C:\Users\USUARIO\AppData\Local\Programs\Python\Python313\Scripts\;C:\Users\USUARIO\AppData\Local\Programs\Python\Python313\;C:\Users\USUARIO\AppData\Local\Programs\Python\Launcher\;C:\Users\USUARIO\AppData\Local\Microsoft\WindowsApps;C:\Users\USUARIO\AppData\Local\Programs\Microsoft VS Code\bin
USERNAME=USUARIO
OS=Windows_NT
PROCESSOR_IDENTIFIER=AMD64 Family 23 Model 160 Stepping 0, AuthenticAMD
TMP=C:\Users\USUARIO\AppData\Local\Temp
TEMP=C:\Users\USUARIO\AppData\Local\Temp




Periodic native trim disabled

---------------  S Y S T E M  ---------------

OS:
 Windows 11 , 64 bit Build 26100 (10.0.26100.4768)
OS uptime: 2 days 5:33 hours
Hyper-V role detected

CPU: total 8 (initial active 8) (8 cores per cpu, 2 threads per core) family 23 model 160 stepping 0 microcode 0x8a00006, cx8, cmov, fxsr, ht, mmx, 3dnowpref, sse, sse2, sse3, ssse3, sse4a, sse4.1, sse4.2, popcnt, lzcnt, tsc, tscinvbit, avx, avx2, aes, clmul, bmi1, bmi2, adx, sha, fma, vzeroupper, clflush, clflushopt, hv, rdtscp, rdpid, f16c
Processor Information for the first 8 processors :
  Max Mhz: 2401, Current Mhz: 2401, Mhz Limit: 2401

Memory: 4k page, system-wide physical 14069M (1340M free)
TotalPageFile size 25883M (AvailPageFile size 5M)
current process WorkingSet (physical memory assigned to process): 174M, peak: 176M
current process commit charge ("private bytes"): 365M, peak: 384M

vm_info: OpenJDK 64-Bit Server VM (24.0.2+12) for windows-amd64 JRE (24.0.2+12) (Zulu24.32+13-CA), built on 2025-07-11T12:45:44Z with MS VC++ 17.1 (VS2022)

END.
